#
# There is insufficient memory for the Java Runtime Environment to continue.
# Native memory allocation (malloc) failed to allocate 947856 bytes for Chunk::new
# Possible reasons:
#   The system is out of physical RAM or swap space
#   The process is running with CompressedOops enabled, and the Java Heap may be blocking the growth of the native heap
# Possible solutions:
#   Reduce memory load on the system
#   Increase physical memory or swap space
#   Check if swap backing store is full
#   Decrease Java heap size (-Xmx/-Xms)
#   Decrease number of Java threads
#   Decrease Java thread stack sizes (-Xss)
#   Set larger code cache with -XX:ReservedCodeCacheSize=
#   JVM is running with Unscaled Compressed Oops mode in which the Java heap is
#     placed in the first 4GB address space. The Java Heap base address is the
#     maximum limit for the native heap growth. Please use -XX:HeapBaseMinAddress
#     to set the Java Heap base and to place the Java Heap above 4GB virtual address.
# This output file may be truncated or incomplete.
#
#  Out of Memory Error (arena.cpp:189), pid=13660, tid=2828
#
# JRE version: OpenJDK Runtime Environment Temurin-17.0.3+7 (17.0.3+7) (build 17.0.3+7)
# Java VM: OpenJDK 64-Bit Server VM Temurin-17.0.3+7 (17.0.3+7, mixed mode, tiered, compressed oops, compressed class ptrs, g1 gc, windows-amd64)
# No core dump will be written. Minidumps are not enabled by default on client versions of Windows
#

---------------  S U M M A R Y ------------

Command Line: -XX:+ShowCodeDetailsInExceptionMessages Library.Management.ManagementApplication

Host: Intel(R) Core(TM) i3-7020U CPU @ 2.30GHz, 4 cores, 3G,  Windows 10 , 64 bit Build 18362 (10.0.18362.86)
Time: Tue Aug 16 14:32:35 2022 India Standard Time elapsed time: 15541.103599 seconds (0d 4h 19m 1s)

---------------  T H R E A D  ---------------

Current thread (0x000002002ea6d6e0):  JavaThread "C2 CompilerThread0" daemon [_thread_in_native, id=2828, stack(0x0000008558b00000,0x0000008558c00000)]


Current CompileTask:
C2:15541194 10952       4       com.mongodb.internal.connection.BaseCluster::atMostNRandom (96 bytes)

Stack: [0x0000008558b00000,0x0000008558c00000]
Native frames: (J=compiled Java code, j=interpreted, Vv=VM code, C=native code)
V  [jvm.dll+0x675efa]
V  [jvm.dll+0x830a24]
V  [jvm.dll+0x8321ce]
V  [jvm.dll+0x832833]
V  [jvm.dll+0x2454b5]
V  [jvm.dll+0xabd7b]
V  [jvm.dll+0xac30c]
V  [jvm.dll+0x3635d2]
V  [jvm.dll+0x32dca1]
V  [jvm.dll+0x32d14a]
V  [jvm.dll+0x218361]
V  [jvm.dll+0x217781]
V  [jvm.dll+0x1a3ccd]
V  [jvm.dll+0x227178]
V  [jvm.dll+0x2252bc]
V  [jvm.dll+0x7e673b]
V  [jvm.dll+0x7e0cfa]
V  [jvm.dll+0x674d85]
C  [ucrtbase.dll+0x1d9f2]
C  [KERNEL32.DLL+0x17bd4]
C  [ntdll.dll+0x6ce71]


---------------  P R O C E S S  ---------------

Threads class SMR info:
_java_thread_list=0x000002002fd57ba0, length=31, elements={
0x000002002ea3b3c0, 0x000002002ea21690, 0x000002002ea658d0, 0x000002002ea66280,
0x000002002ea66c30, 0x000002002ea6c8e0, 0x000002002ea6d6e0, 0x000002002ea718f0,
0x000002002ea75a10, 0x000002002f51a910, 0x000002002f53ee10, 0x000002003135c860,
0x000002002fd18040, 0x0000020031af3d10, 0x00000200313a4120, 0x000002002ffb38a0,
0x0000020033150b40, 0x000002002fffb000, 0x00000200311b9bc0, 0x00000200311bc240,
0x00000200311bc710, 0x00000200311bcbe0, 0x00000200311ba090, 0x00000200311bd0b0,
0x00000200311b96f0, 0x00000200311baa30, 0x00000200311ba560, 0x00000200311bb3d0,
0x00000200311bb8a0, 0x000002003352db90, 0x000002003352b510
}

Java Threads: ( => current thread )
  0x000002002ea3b3c0 JavaThread "Reference Handler" daemon [_thread_blocked, id=2304, stack(0x0000008558500000,0x0000008558600000)]
  0x000002002ea21690 JavaThread "Finalizer" daemon [_thread_blocked, id=12568, stack(0x0000008558600000,0x0000008558700000)]
  0x000002002ea658d0 JavaThread "Signal Dispatcher" daemon [_thread_blocked, id=1920, stack(0x0000008558700000,0x0000008558800000)]
  0x000002002ea66280 JavaThread "Attach Listener" daemon [_thread_blocked, id=8400, stack(0x0000008558800000,0x0000008558900000)]
  0x000002002ea66c30 JavaThread "Service Thread" daemon [_thread_blocked, id=9484, stack(0x0000008558900000,0x0000008558a00000)]
  0x000002002ea6c8e0 JavaThread "Monitor Deflation Thread" daemon [_thread_blocked, id=636, stack(0x0000008558a00000,0x0000008558b00000)]
=>0x000002002ea6d6e0 JavaThread "C2 CompilerThread0" daemon [_thread_in_native, id=2828, stack(0x0000008558b00000,0x0000008558c00000)]
  0x000002002ea718f0 JavaThread "C1 CompilerThread0" daemon [_thread_blocked, id=892, stack(0x0000008558c00000,0x0000008558d00000)]
  0x000002002ea75a10 JavaThread "Sweeper thread" daemon [_thread_in_vm, id=8680, stack(0x0000008558d00000,0x0000008558e00000)]
  0x000002002f51a910 JavaThread "Notification Thread" daemon [_thread_blocked, id=7900, stack(0x0000008558e00000,0x0000008558f00000)]
  0x000002002f53ee10 JavaThread "Common-Cleaner" daemon [_thread_blocked, id=9184, stack(0x0000008559000000,0x0000008559100000)]
  0x000002003135c860 JavaThread "Catalina-utility-1" [_thread_blocked, id=10536, stack(0x0000008559500000,0x0000008559600000)]
  0x000002002fd18040 JavaThread "Catalina-utility-2" [_thread_blocked, id=3400, stack(0x0000008559600000,0x0000008559700000)]
  0x0000020031af3d10 JavaThread "container-0" [_thread_blocked, id=14316, stack(0x0000008559700000,0x0000008559800000)]
  0x00000200313a4120 JavaThread "BufferPoolPruner-1-thread-1" daemon [_thread_blocked, id=7328, stack(0x0000008559900000,0x0000008559a00000)]
  0x000002002ffb38a0 JavaThread "cluster-ClusterId{value='62fb2086a91a0f5041248f7b', description='null'}-localhost:27017" daemon [_thread_in_native, id=6052, stack(0x0000008559a00000,0x0000008559b00000)]
  0x0000020033150b40 JavaThread "cluster-rtt-ClusterId{value='62fb2086a91a0f5041248f7b', description='null'}-localhost:27017" daemon [_thread_blocked, id=13664, stack(0x0000008559b00000,0x0000008559c00000)]
  0x000002002fffb000 JavaThread "MaintenanceTimer-2-thread-1" daemon [_thread_blocked, id=2532, stack(0x0000008559d00000,0x0000008559e00000)]
  0x00000200311b9bc0 JavaThread "http-nio-8080-exec-1" daemon [_thread_blocked, id=10280, stack(0x0000008559800000,0x0000008559900000)]
  0x00000200311bc240 JavaThread "http-nio-8080-exec-2" daemon [_thread_blocked, id=13552, stack(0x0000008559e00000,0x0000008559f00000)]
  0x00000200311bc710 JavaThread "http-nio-8080-exec-3" daemon [_thread_blocked, id=6548, stack(0x0000008559f00000,0x000000855a000000)]
  0x00000200311bcbe0 JavaThread "http-nio-8080-exec-4" daemon [_thread_blocked, id=12892, stack(0x000000855a000000,0x000000855a100000)]
  0x00000200311ba090 JavaThread "http-nio-8080-exec-5" daemon [_thread_blocked, id=13248, stack(0x000000855a100000,0x000000855a200000)]
  0x00000200311bd0b0 JavaThread "http-nio-8080-exec-6" daemon [_thread_blocked, id=1220, stack(0x000000855a200000,0x000000855a300000)]
  0x00000200311b96f0 JavaThread "http-nio-8080-exec-7" daemon [_thread_blocked, id=4392, stack(0x000000855a300000,0x000000855a400000)]
  0x00000200311baa30 JavaThread "http-nio-8080-exec-8" daemon [_thread_blocked, id=4480, stack(0x000000855a400000,0x000000855a500000)]
  0x00000200311ba560 JavaThread "http-nio-8080-exec-9" daemon [_thread_blocked, id=10900, stack(0x000000855a500000,0x000000855a600000)]
  0x00000200311bb3d0 JavaThread "http-nio-8080-exec-10" daemon [_thread_blocked, id=7468, stack(0x000000855a600000,0x000000855a700000)]
  0x00000200311bb8a0 JavaThread "http-nio-8080-Poller" daemon [_thread_in_native, id=10012, stack(0x000000855a700000,0x000000855a800000)]
  0x000002003352db90 JavaThread "http-nio-8080-Acceptor" daemon [_thread_in_native, id=5528, stack(0x000000855a800000,0x000000855a900000)]
  0x000002003352b510 JavaThread "DestroyJavaVM" [_thread_blocked, id=3444, stack(0x0000008557e00000,0x0000008557f00000)]

Other Threads:
  0x000002002e9fdb60 VMThread "VM Thread" [stack: 0x0000008558400000,0x0000008558500000] [id=10644]
  0x00000200184084d0 WatcherThread [stack: 0x0000008558f00000,0x0000008559000000] [id=11940]
  0x00000200183f6d10 GCTaskThread "GC Thread#0" [stack: 0x0000008557f00000,0x0000008558000000] [id=11584]
  0x000002002fdd69b0 GCTaskThread "GC Thread#1" [stack: 0x0000008559100000,0x0000008559200000] [id=5656]
  0x000002002fdab5e0 GCTaskThread "GC Thread#2" [stack: 0x0000008559200000,0x0000008559300000] [id=7408]
  0x000002002fdab890 GCTaskThread "GC Thread#3" [stack: 0x0000008559300000,0x0000008559400000] [id=2288]
  0x00000200183ff9e0 ConcurrentGCThread "G1 Main Marker" [stack: 0x0000008558000000,0x0000008558100000] [id=6616]
  0x0000020018401ba0 ConcurrentGCThread "G1 Conc#0" [stack: 0x0000008558100000,0x0000008558200000] [id=5804]
  0x000002001843df90 ConcurrentGCThread "G1 Refine#0" [stack: 0x0000008558200000,0x0000008558300000] [id=13772]
  0x000002002fdcb950 ConcurrentGCThread "G1 Refine#1" [stack: 0x0000008559400000,0x0000008559500000] [id=10128]
  0x000002001843e9b0 ConcurrentGCThread "G1 Service" [stack: 0x0000008558300000,0x0000008558400000] [id=9608]

Threads with active compile tasks:
C2 CompilerThread0  15583629 10952       4       com.mongodb.internal.connection.BaseCluster::atMostNRandom (96 bytes)

VM state: not at safepoint (normal execution)

VM Mutex/Monitor currently owned by a thread:  ([mutex/lock_event])
[0x00000200183ad590] CompiledIC_lock - owner thread: 0x000002002ea75a10

Heap address: 0x00000000c1400000, size: 1004 MB, Compressed Oops mode: 32-bit

CDS archive(s) not mapped
Compressed class space mapped at: 0x0000000100000000-0x0000000140000000, reserved size: 1073741824
Narrow klass base: 0x0000000000000000, Narrow klass shift: 3, Narrow klass range: 0x140000000

GC Precious Log:
 CPUs: 4 total, 4 available
 Memory: 4011M
 Large Page Support: Disabled
 NUMA Support: Disabled
 Compressed Oops: Enabled (32-bit)
 Heap Region Size: 1M
 Heap Min Capacity: 8M
 Heap Initial Capacity: 64M
 Heap Max Capacity: 1004M
 Pre-touch: Disabled
 Parallel Workers: 4
 Concurrent Workers: 1
 Concurrent Refinement Workers: 4
 Periodic GC: Disabled

Heap:
 garbage-first heap   total 262144K, used 27676K [0x00000000c1400000, 0x0000000100000000)
  region size 1024K, 11 young (11264K), 1 survivors (1024K)
 Metaspace       used 48314K, committed 48768K, reserved 1097728K
  class space    used 5799K, committed 6016K, reserved 1048576K

Heap Regions: E=young(eden), S=young(survivor), O=old, HS=humongous(starts), HC=humongous(continues), CS=collection set, F=free, OA=open archive, CA=closed archive, TAMS=top-at-mark-start (previous, next)
|   0|0x00000000c1400000, 0x00000000c1500000, 0x00000000c1500000|100%| O|  |TAMS 0x00000000c1500000, 0x00000000c1400000| Untracked 
|   1|0x00000000c1500000, 0x00000000c1600000, 0x00000000c1600000|100%| O|  |TAMS 0x00000000c1600000, 0x00000000c1500000| Untracked 
|   2|0x00000000c1600000, 0x00000000c1700000, 0x00000000c1700000|100%| O|  |TAMS 0x00000000c1700000, 0x00000000c1600000| Untracked 
|   3|0x00000000c1700000, 0x00000000c1800000, 0x00000000c1800000|100%| O|  |TAMS 0x00000000c1800000, 0x00000000c1700000| Untracked 
|   4|0x00000000c1800000, 0x00000000c1900000, 0x00000000c1900000|100%| O|  |TAMS 0x00000000c1900000, 0x00000000c1800000| Untracked 
|   5|0x00000000c1900000, 0x00000000c1a00000, 0x00000000c1a00000|100%| O|  |TAMS 0x00000000c1a00000, 0x00000000c1900000| Untracked 
|   6|0x00000000c1a00000, 0x00000000c1b00000, 0x00000000c1b00000|100%| O|  |TAMS 0x00000000c1b00000, 0x00000000c1a00000| Untracked 
|   7|0x00000000c1b00000, 0x00000000c1c00000, 0x00000000c1c00000|100%| O|  |TAMS 0x00000000c1c00000, 0x00000000c1b00000| Untracked 
|   8|0x00000000c1c00000, 0x00000000c1d00000, 0x00000000c1d00000|100%| O|  |TAMS 0x00000000c1d00000, 0x00000000c1c00000| Untracked 
|   9|0x00000000c1d00000, 0x00000000c1e00000, 0x00000000c1e00000|100%| O|  |TAMS 0x00000000c1db2c00, 0x00000000c1d00000| Untracked 
|  10|0x00000000c1e00000, 0x00000000c1f00000, 0x00000000c1f00000|100%| O|  |TAMS 0x00000000c1e00000, 0x00000000c1e00000| Untracked 
|  11|0x00000000c1f00000, 0x00000000c2000000, 0x00000000c2000000|100%| O|  |TAMS 0x00000000c2000000, 0x00000000c1f00000| Untracked 
|  12|0x00000000c2000000, 0x00000000c2100000, 0x00000000c2100000|100%| O|  |TAMS 0x00000000c2100000, 0x00000000c2000000| Untracked 
|  13|0x00000000c2100000, 0x00000000c2200000, 0x00000000c2200000|100%| O|  |TAMS 0x00000000c2100000, 0x00000000c2100000| Untracked 
|  14|0x00000000c2200000, 0x00000000c2300000, 0x00000000c2300000|100%| O|  |TAMS 0x00000000c2200000, 0x00000000c2200000| Untracked 
|  15|0x00000000c2300000, 0x00000000c2400000, 0x00000000c2400000|100%| O|  |TAMS 0x00000000c2300000, 0x00000000c2300000| Untracked 
|  16|0x00000000c2400000, 0x00000000c2500000, 0x00000000c2500000|100%| O|  |TAMS 0x00000000c2400000, 0x00000000c2400000| Untracked 
|  17|0x00000000c2500000, 0x00000000c259ca00, 0x00000000c2600000| 61%| O|  |TAMS 0x00000000c2500000, 0x00000000c2500000| Untracked 
|  18|0x00000000c2600000, 0x00000000c2600000, 0x00000000c2700000|  0%| F|  |TAMS 0x00000000c2600000, 0x00000000c2600000| Untracked 
|  19|0x00000000c2700000, 0x00000000c2700000, 0x00000000c2800000|  0%| F|  |TAMS 0x00000000c2700000, 0x00000000c2700000| Untracked 
|  20|0x00000000c2800000, 0x00000000c2800000, 0x00000000c2900000|  0%| F|  |TAMS 0x00000000c2800000, 0x00000000c2800000| Untracked 
|  21|0x00000000c2900000, 0x00000000c2900000, 0x00000000c2a00000|  0%| F|  |TAMS 0x00000000c2900000, 0x00000000c2900000| Untracked 
|  22|0x00000000c2a00000, 0x00000000c2a00000, 0x00000000c2b00000|  0%| F|  |TAMS 0x00000000c2a00000, 0x00000000c2a00000| Untracked 
|  23|0x00000000c2b00000, 0x00000000c2b00000, 0x00000000c2c00000|  0%| F|  |TAMS 0x00000000c2b00000, 0x00000000c2b00000| Untracked 
|  24|0x00000000c2c00000, 0x00000000c2c00000, 0x00000000c2d00000|  0%| F|  |TAMS 0x00000000c2c00000, 0x00000000c2c00000| Untracked 
|  25|0x00000000c2d00000, 0x00000000c2d00000, 0x00000000c2e00000|  0%| F|  |TAMS 0x00000000c2d00000, 0x00000000c2d00000| Untracked 
|  26|0x00000000c2e00000, 0x00000000c2e00000, 0x00000000c2f00000|  0%| F|  |TAMS 0x00000000c2e00000, 0x00000000c2e00000| Untracked 
|  27|0x00000000c2f00000, 0x00000000c2f00000, 0x00000000c3000000|  0%| F|  |TAMS 0x00000000c2f00000, 0x00000000c2f00000| Untracked 
|  28|0x00000000c3000000, 0x00000000c3000000, 0x00000000c3100000|  0%| F|  |TAMS 0x00000000c3000000, 0x00000000c3000000| Untracked 
|  29|0x00000000c3100000, 0x00000000c3100000, 0x00000000c3200000|  0%| F|  |TAMS 0x00000000c3100000, 0x00000000c3100000| Untracked 
|  30|0x00000000c3200000, 0x00000000c3200000, 0x00000000c3300000|  0%| F|  |TAMS 0x00000000c3200000, 0x00000000c3200000| Untracked 
|  31|0x00000000c3300000, 0x00000000c3300000, 0x00000000c3400000|  0%| F|  |TAMS 0x00000000c3300000, 0x00000000c3300000| Untracked 
|  32|0x00000000c3400000, 0x00000000c3400000, 0x00000000c3500000|  0%| F|  |TAMS 0x00000000c3400000, 0x00000000c3400000| Untracked 
|  33|0x00000000c3500000, 0x00000000c3500000, 0x00000000c3600000|  0%| F|  |TAMS 0x00000000c3500000, 0x00000000c3500000| Untracked 
|  34|0x00000000c3600000, 0x00000000c3600000, 0x00000000c3700000|  0%| F|  |TAMS 0x00000000c3600000, 0x00000000c3600000| Untracked 
|  35|0x00000000c3700000, 0x00000000c3700000, 0x00000000c3800000|  0%| F|  |TAMS 0x00000000c3700000, 0x00000000c3700000| Untracked 
|  36|0x00000000c3800000, 0x00000000c3800000, 0x00000000c3900000|  0%| F|  |TAMS 0x00000000c3800000, 0x00000000c3800000| Untracked 
|  37|0x00000000c3900000, 0x00000000c3900000, 0x00000000c3a00000|  0%| F|  |TAMS 0x00000000c3900000, 0x00000000c3900000| Untracked 
|  38|0x00000000c3a00000, 0x00000000c3a00000, 0x00000000c3b00000|  0%| F|  |TAMS 0x00000000c3a00000, 0x00000000c3a00000| Untracked 
|  39|0x00000000c3b00000, 0x00000000c3b00000, 0x00000000c3c00000|  0%| F|  |TAMS 0x00000000c3b00000, 0x00000000c3b00000| Untracked 
|  40|0x00000000c3c00000, 0x00000000c3c00000, 0x00000000c3d00000|  0%| F|  |TAMS 0x00000000c3c00000, 0x00000000c3c00000| Untracked 
|  41|0x00000000c3d00000, 0x00000000c3d00000, 0x00000000c3e00000|  0%| F|  |TAMS 0x00000000c3d00000, 0x00000000c3d00000| Untracked 
|  42|0x00000000c3e00000, 0x00000000c3e00000, 0x00000000c3f00000|  0%| F|  |TAMS 0x00000000c3e00000, 0x00000000c3e00000| Untracked 
|  43|0x00000000c3f00000, 0x00000000c3f00000, 0x00000000c4000000|  0%| F|  |TAMS 0x00000000c3f00000, 0x00000000c3f00000| Untracked 
|  44|0x00000000c4000000, 0x00000000c4000000, 0x00000000c4100000|  0%| F|  |TAMS 0x00000000c4000000, 0x00000000c4000000| Untracked 
|  45|0x00000000c4100000, 0x00000000c4100000, 0x00000000c4200000|  0%| F|  |TAMS 0x00000000c4100000, 0x00000000c4100000| Untracked 
|  46|0x00000000c4200000, 0x00000000c4200000, 0x00000000c4300000|  0%| F|  |TAMS 0x00000000c4200000, 0x00000000c4200000| Untracked 
|  47|0x00000000c4300000, 0x00000000c4300000, 0x00000000c4400000|  0%| F|  |TAMS 0x00000000c4300000, 0x00000000c4300000| Untracked 
|  48|0x00000000c4400000, 0x00000000c4400000, 0x00000000c4500000|  0%| F|  |TAMS 0x00000000c4400000, 0x00000000c4400000| Untracked 
|  49|0x00000000c4500000, 0x00000000c4500000, 0x00000000c4600000|  0%| F|  |TAMS 0x00000000c4500000, 0x00000000c4500000| Untracked 
|  50|0x00000000c4600000, 0x00000000c4600000, 0x00000000c4700000|  0%| F|  |TAMS 0x00000000c4600000, 0x00000000c4600000| Untracked 
|  51|0x00000000c4700000, 0x00000000c4700000, 0x00000000c4800000|  0%| F|  |TAMS 0x00000000c4700000, 0x00000000c4700000| Untracked 
|  52|0x00000000c4800000, 0x00000000c4800000, 0x00000000c4900000|  0%| F|  |TAMS 0x00000000c4800000, 0x00000000c4800000| Untracked 
|  53|0x00000000c4900000, 0x00000000c4900000, 0x00000000c4a00000|  0%| F|  |TAMS 0x00000000c4900000, 0x00000000c4900000| Untracked 
|  54|0x00000000c4a00000, 0x00000000c4a00000, 0x00000000c4b00000|  0%| F|  |TAMS 0x00000000c4a00000, 0x00000000c4a00000| Untracked 
|  55|0x00000000c4b00000, 0x00000000c4b00000, 0x00000000c4c00000|  0%| F|  |TAMS 0x00000000c4b00000, 0x00000000c4b00000| Untracked 
|  56|0x00000000c4c00000, 0x00000000c4c00000, 0x00000000c4d00000|  0%| F|  |TAMS 0x00000000c4c00000, 0x00000000c4c00000| Untracked 
|  57|0x00000000c4d00000, 0x00000000c4d00000, 0x00000000c4e00000|  0%| F|  |TAMS 0x00000000c4d00000, 0x00000000c4d00000| Untracked 
|  58|0x00000000c4e00000, 0x00000000c4e00000, 0x00000000c4f00000|  0%| F|  |TAMS 0x00000000c4e00000, 0x00000000c4e00000| Untracked 
|  59|0x00000000c4f00000, 0x00000000c4f00000, 0x00000000c5000000|  0%| F|  |TAMS 0x00000000c4f00000, 0x00000000c4f00000| Untracked 
|  60|0x00000000c5000000, 0x00000000c5000000, 0x00000000c5100000|  0%| F|  |TAMS 0x00000000c5000000, 0x00000000c5000000| Untracked 
|  61|0x00000000c5100000, 0x00000000c5100000, 0x00000000c5200000|  0%| F|  |TAMS 0x00000000c5100000, 0x00000000c5100000| Untracked 
|  62|0x00000000c5200000, 0x00000000c5200000, 0x00000000c5300000|  0%| F|  |TAMS 0x00000000c5200000, 0x00000000c5200000| Untracked 
|  63|0x00000000c5300000, 0x00000000c5300000, 0x00000000c5400000|  0%| F|  |TAMS 0x00000000c5300000, 0x00000000c5300000| Untracked 
|  64|0x00000000c5400000, 0x00000000c5400000, 0x00000000c5500000|  0%| F|  |TAMS 0x00000000c5400000, 0x00000000c5400000| Untracked 
|  65|0x00000000c5500000, 0x00000000c5500000, 0x00000000c5600000|  0%| F|  |TAMS 0x00000000c5500000, 0x00000000c5500000| Untracked 
|  66|0x00000000c5600000, 0x00000000c5600000, 0x00000000c5700000|  0%| F|  |TAMS 0x00000000c5600000, 0x00000000c5600000| Untracked 
|  67|0x00000000c5700000, 0x00000000c5700000, 0x00000000c5800000|  0%| F|  |TAMS 0x00000000c5700000, 0x00000000c5700000| Untracked 
|  68|0x00000000c5800000, 0x00000000c5800000, 0x00000000c5900000|  0%| F|  |TAMS 0x00000000c5800000, 0x00000000c5800000| Untracked 
|  69|0x00000000c5900000, 0x00000000c5900000, 0x00000000c5a00000|  0%| F|  |TAMS 0x00000000c5900000, 0x00000000c5900000| Untracked 
|  70|0x00000000c5a00000, 0x00000000c5a00000, 0x00000000c5b00000|  0%| F|  |TAMS 0x00000000c5a00000, 0x00000000c5a00000| Untracked 
|  71|0x00000000c5b00000, 0x00000000c5b00000, 0x00000000c5c00000|  0%| F|  |TAMS 0x00000000c5b00000, 0x00000000c5b00000| Untracked 
|  72|0x00000000c5c00000, 0x00000000c5c00000, 0x00000000c5d00000|  0%| F|  |TAMS 0x00000000c5c00000, 0x00000000c5c00000| Untracked 
|  73|0x00000000c5d00000, 0x00000000c5d00000, 0x00000000c5e00000|  0%| F|  |TAMS 0x00000000c5d00000, 0x00000000c5d00000| Untracked 
|  74|0x00000000c5e00000, 0x00000000c5e00000, 0x00000000c5f00000|  0%| F|  |TAMS 0x00000000c5e00000, 0x00000000c5e00000| Untracked 
|  75|0x00000000c5f00000, 0x00000000c5f00000, 0x00000000c6000000|  0%| F|  |TAMS 0x00000000c5f00000, 0x00000000c5f00000| Untracked 
|  76|0x00000000c6000000, 0x00000000c6000000, 0x00000000c6100000|  0%| F|  |TAMS 0x00000000c6000000, 0x00000000c6000000| Untracked 
|  77|0x00000000c6100000, 0x00000000c6100000, 0x00000000c6200000|  0%| F|  |TAMS 0x00000000c6100000, 0x00000000c6100000| Untracked 
|  78|0x00000000c6200000, 0x00000000c6200000, 0x00000000c6300000|  0%| F|  |TAMS 0x00000000c6200000, 0x00000000c6200000| Untracked 
|  79|0x00000000c6300000, 0x00000000c6300000, 0x00000000c6400000|  0%| F|  |TAMS 0x00000000c6300000, 0x00000000c6300000| Untracked 
|  80|0x00000000c6400000, 0x00000000c6400000, 0x00000000c6500000|  0%| F|  |TAMS 0x00000000c6400000, 0x00000000c6400000| Untracked 
|  81|0x00000000c6500000, 0x00000000c6500000, 0x00000000c6600000|  0%| F|  |TAMS 0x00000000c6500000, 0x00000000c6500000| Untracked 
|  82|0x00000000c6600000, 0x00000000c6600000, 0x00000000c6700000|  0%| F|  |TAMS 0x00000000c6600000, 0x00000000c6600000| Untracked 
|  83|0x00000000c6700000, 0x00000000c6700000, 0x00000000c6800000|  0%| F|  |TAMS 0x00000000c6700000, 0x00000000c6700000| Untracked 
|  84|0x00000000c6800000, 0x00000000c6800000, 0x00000000c6900000|  0%| F|  |TAMS 0x00000000c6800000, 0x00000000c6800000| Untracked 
|  85|0x00000000c6900000, 0x00000000c6900000, 0x00000000c6a00000|  0%| F|  |TAMS 0x00000000c6900000, 0x00000000c6900000| Untracked 
|  86|0x00000000c6a00000, 0x00000000c6a00000, 0x00000000c6b00000|  0%| F|  |TAMS 0x00000000c6a00000, 0x00000000c6a00000| Untracked 
|  87|0x00000000c6b00000, 0x00000000c6b00000, 0x00000000c6c00000|  0%| F|  |TAMS 0x00000000c6b00000, 0x00000000c6b00000| Untracked 
|  88|0x00000000c6c00000, 0x00000000c6c00000, 0x00000000c6d00000|  0%| F|  |TAMS 0x00000000c6c00000, 0x00000000c6c00000| Untracked 
|  89|0x00000000c6d00000, 0x00000000c6d00000, 0x00000000c6e00000|  0%| F|  |TAMS 0x00000000c6d00000, 0x00000000c6d00000| Untracked 
|  90|0x00000000c6e00000, 0x00000000c6e00000, 0x00000000c6f00000|  0%| F|  |TAMS 0x00000000c6e00000, 0x00000000c6e00000| Untracked 
|  91|0x00000000c6f00000, 0x00000000c6f00000, 0x00000000c7000000|  0%| F|  |TAMS 0x00000000c6f00000, 0x00000000c6f00000| Untracked 
|  92|0x00000000c7000000, 0x00000000c7000000, 0x00000000c7100000|  0%| F|  |TAMS 0x00000000c7000000, 0x00000000c7000000| Untracked 
|  93|0x00000000c7100000, 0x00000000c7100000, 0x00000000c7200000|  0%| F|  |TAMS 0x00000000c7100000, 0x00000000c7100000| Untracked 
|  94|0x00000000c7200000, 0x00000000c7200000, 0x00000000c7300000|  0%| F|  |TAMS 0x00000000c7200000, 0x00000000c7200000| Untracked 
|  95|0x00000000c7300000, 0x00000000c7300000, 0x00000000c7400000|  0%| F|  |TAMS 0x00000000c7300000, 0x00000000c7300000| Untracked 
|  96|0x00000000c7400000, 0x00000000c7400000, 0x00000000c7500000|  0%| F|  |TAMS 0x00000000c7400000, 0x00000000c7400000| Untracked 
|  97|0x00000000c7500000, 0x00000000c7500000, 0x00000000c7600000|  0%| F|  |TAMS 0x00000000c7500000, 0x00000000c7500000| Untracked 
|  98|0x00000000c7600000, 0x00000000c7600000, 0x00000000c7700000|  0%| F|  |TAMS 0x00000000c7600000, 0x00000000c7600000| Untracked 
|  99|0x00000000c7700000, 0x00000000c7700000, 0x00000000c7800000|  0%| F|  |TAMS 0x00000000c7700000, 0x00000000c7700000| Untracked 
| 100|0x00000000c7800000, 0x00000000c7800000, 0x00000000c7900000|  0%| F|  |TAMS 0x00000000c7800000, 0x00000000c7800000| Untracked 
| 101|0x00000000c7900000, 0x00000000c7900000, 0x00000000c7a00000|  0%| F|  |TAMS 0x00000000c7900000, 0x00000000c7900000| Untracked 
| 102|0x00000000c7a00000, 0x00000000c7a00000, 0x00000000c7b00000|  0%| F|  |TAMS 0x00000000c7a00000, 0x00000000c7a00000| Untracked 
| 103|0x00000000c7b00000, 0x00000000c7b00000, 0x00000000c7c00000|  0%| F|  |TAMS 0x00000000c7b00000, 0x00000000c7b00000| Untracked 
| 104|0x00000000c7c00000, 0x00000000c7c00000, 0x00000000c7d00000|  0%| F|  |TAMS 0x00000000c7c00000, 0x00000000c7c00000| Untracked 
| 105|0x00000000c7d00000, 0x00000000c7d00000, 0x00000000c7e00000|  0%| F|  |TAMS 0x00000000c7d00000, 0x00000000c7d00000| Untracked 
| 106|0x00000000c7e00000, 0x00000000c7e00000, 0x00000000c7f00000|  0%| F|  |TAMS 0x00000000c7e00000, 0x00000000c7e00000| Untracked 
| 107|0x00000000c7f00000, 0x00000000c7f00000, 0x00000000c8000000|  0%| F|  |TAMS 0x00000000c7f00000, 0x00000000c7f00000| Untracked 
| 108|0x00000000c8000000, 0x00000000c8000000, 0x00000000c8100000|  0%| F|  |TAMS 0x00000000c8000000, 0x00000000c8000000| Untracked 
| 109|0x00000000c8100000, 0x00000000c8100000, 0x00000000c8200000|  0%| F|  |TAMS 0x00000000c8100000, 0x00000000c8100000| Untracked 
| 110|0x00000000c8200000, 0x00000000c8200000, 0x00000000c8300000|  0%| F|  |TAMS 0x00000000c8200000, 0x00000000c8200000| Untracked 
| 111|0x00000000c8300000, 0x00000000c8300000, 0x00000000c8400000|  0%| F|  |TAMS 0x00000000c8300000, 0x00000000c8300000| Untracked 
| 112|0x00000000c8400000, 0x00000000c8400000, 0x00000000c8500000|  0%| F|  |TAMS 0x00000000c8400000, 0x00000000c8400000| Untracked 
| 113|0x00000000c8500000, 0x00000000c8500000, 0x00000000c8600000|  0%| F|  |TAMS 0x00000000c8500000, 0x00000000c8500000| Untracked 
| 114|0x00000000c8600000, 0x00000000c8600000, 0x00000000c8700000|  0%| F|  |TAMS 0x00000000c8600000, 0x00000000c8600000| Untracked 
| 115|0x00000000c8700000, 0x00000000c8700000, 0x00000000c8800000|  0%| F|  |TAMS 0x00000000c8700000, 0x00000000c8700000| Untracked 
| 116|0x00000000c8800000, 0x00000000c8800000, 0x00000000c8900000|  0%| F|  |TAMS 0x00000000c8800000, 0x00000000c8800000| Untracked 
| 117|0x00000000c8900000, 0x00000000c8900000, 0x00000000c8a00000|  0%| F|  |TAMS 0x00000000c8900000, 0x00000000c8900000| Untracked 
| 118|0x00000000c8a00000, 0x00000000c8a00000, 0x00000000c8b00000|  0%| F|  |TAMS 0x00000000c8a00000, 0x00000000c8a00000| Untracked 
| 119|0x00000000c8b00000, 0x00000000c8b00000, 0x00000000c8c00000|  0%| F|  |TAMS 0x00000000c8b00000, 0x00000000c8b00000| Untracked 
| 120|0x00000000c8c00000, 0x00000000c8c00000, 0x00000000c8d00000|  0%| F|  |TAMS 0x00000000c8c00000, 0x00000000c8c00000| Untracked 
| 121|0x00000000c8d00000, 0x00000000c8d00000, 0x00000000c8e00000|  0%| F|  |TAMS 0x00000000c8d00000, 0x00000000c8d00000| Untracked 
| 122|0x00000000c8e00000, 0x00000000c8e00000, 0x00000000c8f00000|  0%| F|  |TAMS 0x00000000c8e00000, 0x00000000c8e00000| Untracked 
| 123|0x00000000c8f00000, 0x00000000c8f00000, 0x00000000c9000000|  0%| F|  |TAMS 0x00000000c8f00000, 0x00000000c8f00000| Untracked 
| 124|0x00000000c9000000, 0x00000000c9000000, 0x00000000c9100000|  0%| F|  |TAMS 0x00000000c9000000, 0x00000000c9000000| Untracked 
| 125|0x00000000c9100000, 0x00000000c9100000, 0x00000000c9200000|  0%| F|  |TAMS 0x00000000c9100000, 0x00000000c9100000| Untracked 
| 126|0x00000000c9200000, 0x00000000c9200000, 0x00000000c9300000|  0%| F|  |TAMS 0x00000000c9200000, 0x00000000c9200000| Untracked 
| 127|0x00000000c9300000, 0x00000000c9300000, 0x00000000c9400000|  0%| F|  |TAMS 0x00000000c9300000, 0x00000000c9300000| Untracked 
| 128|0x00000000c9400000, 0x00000000c9400000, 0x00000000c9500000|  0%| F|  |TAMS 0x00000000c9400000, 0x00000000c9400000| Untracked 
| 129|0x00000000c9500000, 0x00000000c9500000, 0x00000000c9600000|  0%| F|  |TAMS 0x00000000c9500000, 0x00000000c9500000| Untracked 
| 130|0x00000000c9600000, 0x00000000c9600000, 0x00000000c9700000|  0%| F|  |TAMS 0x00000000c9600000, 0x00000000c9600000| Untracked 
| 131|0x00000000c9700000, 0x00000000c9700000, 0x00000000c9800000|  0%| F|  |TAMS 0x00000000c9700000, 0x00000000c9700000| Untracked 
| 132|0x00000000c9800000, 0x00000000c9800000, 0x00000000c9900000|  0%| F|  |TAMS 0x00000000c9800000, 0x00000000c9800000| Untracked 
| 133|0x00000000c9900000, 0x00000000c9900000, 0x00000000c9a00000|  0%| F|  |TAMS 0x00000000c9900000, 0x00000000c9900000| Untracked 
| 134|0x00000000c9a00000, 0x00000000c9a00000, 0x00000000c9b00000|  0%| F|  |TAMS 0x00000000c9a00000, 0x00000000c9a00000| Untracked 
| 135|0x00000000c9b00000, 0x00000000c9b00000, 0x00000000c9c00000|  0%| F|  |TAMS 0x00000000c9b00000, 0x00000000c9b00000| Untracked 
| 136|0x00000000c9c00000, 0x00000000c9c00000, 0x00000000c9d00000|  0%| F|  |TAMS 0x00000000c9c00000, 0x00000000c9c00000| Untracked 
| 137|0x00000000c9d00000, 0x00000000c9d00000, 0x00000000c9e00000|  0%| F|  |TAMS 0x00000000c9d00000, 0x00000000c9d00000| Untracked 
| 138|0x00000000c9e00000, 0x00000000c9e00000, 0x00000000c9f00000|  0%| F|  |TAMS 0x00000000c9e00000, 0x00000000c9e00000| Untracked 
| 139|0x00000000c9f00000, 0x00000000c9f00000, 0x00000000ca000000|  0%| F|  |TAMS 0x00000000c9f00000, 0x00000000c9f00000| Untracked 
| 140|0x00000000ca000000, 0x00000000ca000000, 0x00000000ca100000|  0%| F|  |TAMS 0x00000000ca000000, 0x00000000ca000000| Untracked 
| 141|0x00000000ca100000, 0x00000000ca100000, 0x00000000ca200000|  0%| F|  |TAMS 0x00000000ca100000, 0x00000000ca100000| Untracked 
| 142|0x00000000ca200000, 0x00000000ca200000, 0x00000000ca300000|  0%| F|  |TAMS 0x00000000ca200000, 0x00000000ca200000| Untracked 
| 143|0x00000000ca300000, 0x00000000ca300000, 0x00000000ca400000|  0%| F|  |TAMS 0x00000000ca300000, 0x00000000ca300000| Untracked 
| 144|0x00000000ca400000, 0x00000000ca400000, 0x00000000ca500000|  0%| F|  |TAMS 0x00000000ca400000, 0x00000000ca400000| Untracked 
| 145|0x00000000ca500000, 0x00000000ca500000, 0x00000000ca600000|  0%| F|  |TAMS 0x00000000ca500000, 0x00000000ca500000| Untracked 
| 146|0x00000000ca600000, 0x00000000ca600000, 0x00000000ca700000|  0%| F|  |TAMS 0x00000000ca600000, 0x00000000ca600000| Untracked 
| 147|0x00000000ca700000, 0x00000000ca700000, 0x00000000ca800000|  0%| F|  |TAMS 0x00000000ca700000, 0x00000000ca700000| Untracked 
| 148|0x00000000ca800000, 0x00000000ca800000, 0x00000000ca900000|  0%| F|  |TAMS 0x00000000ca800000, 0x00000000ca800000| Untracked 
| 149|0x00000000ca900000, 0x00000000ca900000, 0x00000000caa00000|  0%| F|  |TAMS 0x00000000ca900000, 0x00000000ca900000| Untracked 
| 150|0x00000000caa00000, 0x00000000caa00000, 0x00000000cab00000|  0%| F|  |TAMS 0x00000000caa00000, 0x00000000caa00000| Untracked 
| 151|0x00000000cab00000, 0x00000000cab00000, 0x00000000cac00000|  0%| F|  |TAMS 0x00000000cab00000, 0x00000000cab00000| Untracked 
| 152|0x00000000cac00000, 0x00000000cac00000, 0x00000000cad00000|  0%| F|  |TAMS 0x00000000cac00000, 0x00000000cac00000| Untracked 
| 153|0x00000000cad00000, 0x00000000cad00000, 0x00000000cae00000|  0%| F|  |TAMS 0x00000000cad00000, 0x00000000cad00000| Untracked 
| 154|0x00000000cae00000, 0x00000000cae00000, 0x00000000caf00000|  0%| F|  |TAMS 0x00000000cae00000, 0x00000000cae00000| Untracked 
| 155|0x00000000caf00000, 0x00000000caf00000, 0x00000000cb000000|  0%| F|  |TAMS 0x00000000caf00000, 0x00000000caf00000| Untracked 
| 156|0x00000000cb000000, 0x00000000cb000000, 0x00000000cb100000|  0%| F|  |TAMS 0x00000000cb000000, 0x00000000cb000000| Untracked 
| 157|0x00000000cb100000, 0x00000000cb100000, 0x00000000cb200000|  0%| F|  |TAMS 0x00000000cb100000, 0x00000000cb100000| Untracked 
| 158|0x00000000cb200000, 0x00000000cb200000, 0x00000000cb300000|  0%| F|  |TAMS 0x00000000cb200000, 0x00000000cb200000| Untracked 
| 159|0x00000000cb300000, 0x00000000cb300000, 0x00000000cb400000|  0%| F|  |TAMS 0x00000000cb300000, 0x00000000cb300000| Untracked 
| 160|0x00000000cb400000, 0x00000000cb400000, 0x00000000cb500000|  0%| F|  |TAMS 0x00000000cb400000, 0x00000000cb400000| Untracked 
| 161|0x00000000cb500000, 0x00000000cb500000, 0x00000000cb600000|  0%| F|  |TAMS 0x00000000cb500000, 0x00000000cb500000| Untracked 
| 162|0x00000000cb600000, 0x00000000cb600000, 0x00000000cb700000|  0%| F|  |TAMS 0x00000000cb600000, 0x00000000cb600000| Untracked 
| 163|0x00000000cb700000, 0x00000000cb700000, 0x00000000cb800000|  0%| F|  |TAMS 0x00000000cb700000, 0x00000000cb700000| Untracked 
| 164|0x00000000cb800000, 0x00000000cb800000, 0x00000000cb900000|  0%| F|  |TAMS 0x00000000cb800000, 0x00000000cb800000| Untracked 
| 165|0x00000000cb900000, 0x00000000cb900000, 0x00000000cba00000|  0%| F|  |TAMS 0x00000000cb900000, 0x00000000cb900000| Untracked 
| 166|0x00000000cba00000, 0x00000000cba00000, 0x00000000cbb00000|  0%| F|  |TAMS 0x00000000cba00000, 0x00000000cba00000| Untracked 
| 167|0x00000000cbb00000, 0x00000000cbb00000, 0x00000000cbc00000|  0%| F|  |TAMS 0x00000000cbb00000, 0x00000000cbb00000| Untracked 
| 168|0x00000000cbc00000, 0x00000000cbc00000, 0x00000000cbd00000|  0%| F|  |TAMS 0x00000000cbc00000, 0x00000000cbc00000| Untracked 
| 169|0x00000000cbd00000, 0x00000000cbd00000, 0x00000000cbe00000|  0%| F|  |TAMS 0x00000000cbd00000, 0x00000000cbd00000| Untracked 
| 170|0x00000000cbe00000, 0x00000000cbe00000, 0x00000000cbf00000|  0%| F|  |TAMS 0x00000000cbe00000, 0x00000000cbe00000| Untracked 
| 171|0x00000000cbf00000, 0x00000000cbf00000, 0x00000000cc000000|  0%| F|  |TAMS 0x00000000cbf00000, 0x00000000cbf00000| Untracked 
| 172|0x00000000cc000000, 0x00000000cc000000, 0x00000000cc100000|  0%| F|  |TAMS 0x00000000cc000000, 0x00000000cc000000| Untracked 
| 173|0x00000000cc100000, 0x00000000cc100000, 0x00000000cc200000|  0%| F|  |TAMS 0x00000000cc100000, 0x00000000cc100000| Untracked 
| 174|0x00000000cc200000, 0x00000000cc200000, 0x00000000cc300000|  0%| F|  |TAMS 0x00000000cc200000, 0x00000000cc200000| Untracked 
| 175|0x00000000cc300000, 0x00000000cc300000, 0x00000000cc400000|  0%| F|  |TAMS 0x00000000cc300000, 0x00000000cc300000| Untracked 
| 176|0x00000000cc400000, 0x00000000cc400000, 0x00000000cc500000|  0%| F|  |TAMS 0x00000000cc400000, 0x00000000cc400000| Untracked 
| 177|0x00000000cc500000, 0x00000000cc500000, 0x00000000cc600000|  0%| F|  |TAMS 0x00000000cc500000, 0x00000000cc500000| Untracked 
| 178|0x00000000cc600000, 0x00000000cc600000, 0x00000000cc700000|  0%| F|  |TAMS 0x00000000cc600000, 0x00000000cc600000| Untracked 
| 179|0x00000000cc700000, 0x00000000cc700000, 0x00000000cc800000|  0%| F|  |TAMS 0x00000000cc700000, 0x00000000cc700000| Untracked 
| 180|0x00000000cc800000, 0x00000000cc800000, 0x00000000cc900000|  0%| F|  |TAMS 0x00000000cc800000, 0x00000000cc800000| Untracked 
| 181|0x00000000cc900000, 0x00000000cc900000, 0x00000000cca00000|  0%| F|  |TAMS 0x00000000cc900000, 0x00000000cc900000| Untracked 
| 182|0x00000000cca00000, 0x00000000cca00000, 0x00000000ccb00000|  0%| F|  |TAMS 0x00000000cca00000, 0x00000000cca00000| Untracked 
| 183|0x00000000ccb00000, 0x00000000ccb00000, 0x00000000ccc00000|  0%| F|  |TAMS 0x00000000ccb00000, 0x00000000ccb00000| Untracked 
| 184|0x00000000ccc00000, 0x00000000ccc00000, 0x00000000ccd00000|  0%| F|  |TAMS 0x00000000ccc00000, 0x00000000ccc00000| Untracked 
| 185|0x00000000ccd00000, 0x00000000ccd00000, 0x00000000cce00000|  0%| F|  |TAMS 0x00000000ccd00000, 0x00000000ccd00000| Untracked 
| 186|0x00000000cce00000, 0x00000000cce00000, 0x00000000ccf00000|  0%| F|  |TAMS 0x00000000cce00000, 0x00000000cce00000| Untracked 
| 187|0x00000000ccf00000, 0x00000000ccf00000, 0x00000000cd000000|  0%| F|  |TAMS 0x00000000ccf00000, 0x00000000ccf00000| Untracked 
| 188|0x00000000cd000000, 0x00000000cd000000, 0x00000000cd100000|  0%| F|  |TAMS 0x00000000cd000000, 0x00000000cd000000| Untracked 
| 189|0x00000000cd100000, 0x00000000cd100000, 0x00000000cd200000|  0%| F|  |TAMS 0x00000000cd100000, 0x00000000cd100000| Untracked 
| 190|0x00000000cd200000, 0x00000000cd200000, 0x00000000cd300000|  0%| F|  |TAMS 0x00000000cd200000, 0x00000000cd200000| Untracked 
| 191|0x00000000cd300000, 0x00000000cd300000, 0x00000000cd400000|  0%| F|  |TAMS 0x00000000cd300000, 0x00000000cd300000| Untracked 
| 192|0x00000000cd400000, 0x00000000cd400000, 0x00000000cd500000|  0%| F|  |TAMS 0x00000000cd400000, 0x00000000cd400000| Untracked 
| 193|0x00000000cd500000, 0x00000000cd500000, 0x00000000cd600000|  0%| F|  |TAMS 0x00000000cd500000, 0x00000000cd500000| Untracked 
| 194|0x00000000cd600000, 0x00000000cd600000, 0x00000000cd700000|  0%| F|  |TAMS 0x00000000cd600000, 0x00000000cd600000| Untracked 
| 195|0x00000000cd700000, 0x00000000cd700000, 0x00000000cd800000|  0%| F|  |TAMS 0x00000000cd700000, 0x00000000cd700000| Untracked 
| 196|0x00000000cd800000, 0x00000000cd800000, 0x00000000cd900000|  0%| F|  |TAMS 0x00000000cd800000, 0x00000000cd800000| Untracked 
| 197|0x00000000cd900000, 0x00000000cd900000, 0x00000000cda00000|  0%| F|  |TAMS 0x00000000cd900000, 0x00000000cd900000| Untracked 
| 198|0x00000000cda00000, 0x00000000cda00000, 0x00000000cdb00000|  0%| F|  |TAMS 0x00000000cda00000, 0x00000000cda00000| Untracked 
| 199|0x00000000cdb00000, 0x00000000cdb00000, 0x00000000cdc00000|  0%| F|  |TAMS 0x00000000cdb00000, 0x00000000cdb00000| Untracked 
| 200|0x00000000cdc00000, 0x00000000cdc00000, 0x00000000cdd00000|  0%| F|  |TAMS 0x00000000cdc00000, 0x00000000cdc00000| Untracked 
| 201|0x00000000cdd00000, 0x00000000cdd00000, 0x00000000cde00000|  0%| F|  |TAMS 0x00000000cdd00000, 0x00000000cdd00000| Untracked 
| 202|0x00000000cde00000, 0x00000000cde00000, 0x00000000cdf00000|  0%| F|  |TAMS 0x00000000cde00000, 0x00000000cde00000| Untracked 
| 203|0x00000000cdf00000, 0x00000000cdf00000, 0x00000000ce000000|  0%| F|  |TAMS 0x00000000cdf00000, 0x00000000cdf00000| Untracked 
| 204|0x00000000ce000000, 0x00000000ce000000, 0x00000000ce100000|  0%| F|  |TAMS 0x00000000ce000000, 0x00000000ce000000| Untracked 
| 205|0x00000000ce100000, 0x00000000ce100000, 0x00000000ce200000|  0%| F|  |TAMS 0x00000000ce100000, 0x00000000ce100000| Untracked 
| 206|0x00000000ce200000, 0x00000000ce200000, 0x00000000ce300000|  0%| F|  |TAMS 0x00000000ce200000, 0x00000000ce200000| Untracked 
| 207|0x00000000ce300000, 0x00000000ce300000, 0x00000000ce400000|  0%| F|  |TAMS 0x00000000ce300000, 0x00000000ce300000| Untracked 
| 208|0x00000000ce400000, 0x00000000ce400000, 0x00000000ce500000|  0%| F|  |TAMS 0x00000000ce400000, 0x00000000ce400000| Untracked 
| 209|0x00000000ce500000, 0x00000000ce500000, 0x00000000ce600000|  0%| F|  |TAMS 0x00000000ce500000, 0x00000000ce500000| Untracked 
| 210|0x00000000ce600000, 0x00000000ce600000, 0x00000000ce700000|  0%| F|  |TAMS 0x00000000ce600000, 0x00000000ce600000| Untracked 
| 211|0x00000000ce700000, 0x00000000ce700000, 0x00000000ce800000|  0%| F|  |TAMS 0x00000000ce700000, 0x00000000ce700000| Untracked 
| 212|0x00000000ce800000, 0x00000000ce800000, 0x00000000ce900000|  0%| F|  |TAMS 0x00000000ce800000, 0x00000000ce800000| Untracked 
| 213|0x00000000ce900000, 0x00000000ce900000, 0x00000000cea00000|  0%| F|  |TAMS 0x00000000ce900000, 0x00000000ce900000| Untracked 
| 214|0x00000000cea00000, 0x00000000cea00000, 0x00000000ceb00000|  0%| F|  |TAMS 0x00000000cea00000, 0x00000000cea00000| Untracked 
| 215|0x00000000ceb00000, 0x00000000ceb00000, 0x00000000cec00000|  0%| F|  |TAMS 0x00000000ceb00000, 0x00000000ceb00000| Untracked 
| 216|0x00000000cec00000, 0x00000000cec00000, 0x00000000ced00000|  0%| F|  |TAMS 0x00000000cec00000, 0x00000000cec00000| Untracked 
| 217|0x00000000ced00000, 0x00000000ced00000, 0x00000000cee00000|  0%| F|  |TAMS 0x00000000ced00000, 0x00000000ced00000| Untracked 
| 218|0x00000000cee00000, 0x00000000cee00000, 0x00000000cef00000|  0%| F|  |TAMS 0x00000000cee00000, 0x00000000cee00000| Untracked 
| 219|0x00000000cef00000, 0x00000000cef00000, 0x00000000cf000000|  0%| F|  |TAMS 0x00000000cef00000, 0x00000000cef00000| Untracked 
| 220|0x00000000cf000000, 0x00000000cf000000, 0x00000000cf100000|  0%| F|  |TAMS 0x00000000cf000000, 0x00000000cf000000| Untracked 
| 221|0x00000000cf100000, 0x00000000cf100000, 0x00000000cf200000|  0%| F|  |TAMS 0x00000000cf100000, 0x00000000cf100000| Untracked 
| 222|0x00000000cf200000, 0x00000000cf200000, 0x00000000cf300000|  0%| F|  |TAMS 0x00000000cf200000, 0x00000000cf200000| Untracked 
| 223|0x00000000cf300000, 0x00000000cf300000, 0x00000000cf400000|  0%| F|  |TAMS 0x00000000cf300000, 0x00000000cf300000| Untracked 
| 224|0x00000000cf400000, 0x00000000cf400000, 0x00000000cf500000|  0%| F|  |TAMS 0x00000000cf400000, 0x00000000cf400000| Untracked 
| 225|0x00000000cf500000, 0x00000000cf500000, 0x00000000cf600000|  0%| F|  |TAMS 0x00000000cf500000, 0x00000000cf500000| Untracked 
| 226|0x00000000cf600000, 0x00000000cf600000, 0x00000000cf700000|  0%| F|  |TAMS 0x00000000cf600000, 0x00000000cf600000| Untracked 
| 227|0x00000000cf700000, 0x00000000cf700000, 0x00000000cf800000|  0%| F|  |TAMS 0x00000000cf700000, 0x00000000cf700000| Untracked 
| 228|0x00000000cf800000, 0x00000000cf800000, 0x00000000cf900000|  0%| F|  |TAMS 0x00000000cf800000, 0x00000000cf800000| Untracked 
| 229|0x00000000cf900000, 0x00000000cf900000, 0x00000000cfa00000|  0%| F|  |TAMS 0x00000000cf900000, 0x00000000cf900000| Untracked 
| 230|0x00000000cfa00000, 0x00000000cfa00000, 0x00000000cfb00000|  0%| F|  |TAMS 0x00000000cfa00000, 0x00000000cfa00000| Untracked 
| 231|0x00000000cfb00000, 0x00000000cfb00000, 0x00000000cfc00000|  0%| F|  |TAMS 0x00000000cfb00000, 0x00000000cfb00000| Untracked 
| 232|0x00000000cfc00000, 0x00000000cfc00000, 0x00000000cfd00000|  0%| F|  |TAMS 0x00000000cfc00000, 0x00000000cfc00000| Untracked 
| 233|0x00000000cfd00000, 0x00000000cfd00000, 0x00000000cfe00000|  0%| F|  |TAMS 0x00000000cfd00000, 0x00000000cfd00000| Untracked 
| 234|0x00000000cfe00000, 0x00000000cfe00000, 0x00000000cff00000|  0%| F|  |TAMS 0x00000000cfe00000, 0x00000000cfe00000| Untracked 
| 235|0x00000000cff00000, 0x00000000cff00000, 0x00000000d0000000|  0%| F|  |TAMS 0x00000000cff00000, 0x00000000cff00000| Untracked 
| 236|0x00000000d0000000, 0x00000000d0000000, 0x00000000d0100000|  0%| F|  |TAMS 0x00000000d0000000, 0x00000000d0000000| Untracked 
| 237|0x00000000d0100000, 0x00000000d0100000, 0x00000000d0200000|  0%| F|  |TAMS 0x00000000d0100000, 0x00000000d0100000| Untracked 
| 238|0x00000000d0200000, 0x00000000d0200000, 0x00000000d0300000|  0%| F|  |TAMS 0x00000000d0200000, 0x00000000d0200000| Untracked 
| 239|0x00000000d0300000, 0x00000000d0300000, 0x00000000d0400000|  0%| F|  |TAMS 0x00000000d0300000, 0x00000000d0300000| Untracked 
| 240|0x00000000d0400000, 0x00000000d0400000, 0x00000000d0500000|  0%| F|  |TAMS 0x00000000d0400000, 0x00000000d0400000| Untracked 
| 241|0x00000000d0500000, 0x00000000d0500000, 0x00000000d0600000|  0%| F|  |TAMS 0x00000000d0500000, 0x00000000d0500000| Untracked 
| 242|0x00000000d0600000, 0x00000000d0600000, 0x00000000d0700000|  0%| F|  |TAMS 0x00000000d0600000, 0x00000000d0600000| Untracked 
| 243|0x00000000d0700000, 0x00000000d076a730, 0x00000000d0800000| 41%| S|CS|TAMS 0x00000000d0700000, 0x00000000d0700000| Complete 
| 244|0x00000000d0800000, 0x00000000d0800000, 0x00000000d0900000|  0%| F|  |TAMS 0x00000000d0800000, 0x00000000d0800000| Untracked 
| 245|0x00000000d0900000, 0x00000000d0900000, 0x00000000d0a00000|  0%| F|  |TAMS 0x00000000d0900000, 0x00000000d0900000| Untracked 
| 246|0x00000000d0a00000, 0x00000000d0afc610, 0x00000000d0b00000| 98%| E|  |TAMS 0x00000000d0a00000, 0x00000000d0a00000| Complete 
| 247|0x00000000d0b00000, 0x00000000d0c00000, 0x00000000d0c00000|100%| E|CS|TAMS 0x00000000d0b00000, 0x00000000d0b00000| Complete 
| 248|0x00000000d0c00000, 0x00000000d0d00000, 0x00000000d0d00000|100%| E|CS|TAMS 0x00000000d0c00000, 0x00000000d0c00000| Complete 
| 249|0x00000000d0d00000, 0x00000000d0e00000, 0x00000000d0e00000|100%| E|CS|TAMS 0x00000000d0d00000, 0x00000000d0d00000| Complete 
| 250|0x00000000d0e00000, 0x00000000d0f00000, 0x00000000d0f00000|100%| E|CS|TAMS 0x00000000d0e00000, 0x00000000d0e00000| Complete 
| 251|0x00000000d0f00000, 0x00000000d1000000, 0x00000000d1000000|100%| E|CS|TAMS 0x00000000d0f00000, 0x00000000d0f00000| Complete 
| 252|0x00000000d1000000, 0x00000000d1100000, 0x00000000d1100000|100%| E|CS|TAMS 0x00000000d1000000, 0x00000000d1000000| Complete 
| 253|0x00000000d1100000, 0x00000000d1200000, 0x00000000d1200000|100%| E|CS|TAMS 0x00000000d1100000, 0x00000000d1100000| Complete 
| 254|0x00000000d1200000, 0x00000000d1300000, 0x00000000d1300000|100%| E|CS|TAMS 0x00000000d1200000, 0x00000000d1200000| Complete 
| 255|0x00000000d1300000, 0x00000000d1400000, 0x00000000d1400000|100%| E|CS|TAMS 0x00000000d1300000, 0x00000000d1300000| Complete 

Card table byte_map: [0x000002002a230000,0x000002002a430000] _byte_map_base: 0x0000020029c26000

Marking Bits (Prev, Next): (CMBitMap*) 0x00000200183f7330, (CMBitMap*) 0x00000200183f7370
 Prev Bits: [0x000002002a630000, 0x000002002b5e0000)
 Next Bits: [0x000002002b5e0000, 0x000002002c590000)

Polling page: 0x0000020016520000

Metaspace:

Usage:
  Non-class:     41.52 MB used.
      Class:      5.66 MB used.
       Both:     47.18 MB used.

Virtual space:
  Non-class space:       48.00 MB reserved,      41.75 MB ( 87%) committed,  6 nodes.
      Class space:        1.00 GB reserved,       5.88 MB ( <1%) committed,  1 nodes.
             Both:        1.05 GB reserved,      47.63 MB (  4%) committed. 

Chunk freelists:
   Non-Class:  1.48 MB
       Class:  2.03 MB
        Both:  3.52 MB

MaxMetaspaceSize: unlimited
CompressedClassSpaceSize: 1.00 GB
Initial GC threshold: 21.00 MB
Current GC threshold: 59.06 MB
CDS: off
MetaspaceReclaimPolicy: balanced
 - commit_granule_bytes: 65536.
 - commit_granule_words: 8192.
 - virtual_space_node_default_size: 1048576.
 - enlarge_chunks_in_place: 1.
 - new_chunks_are_fully_committed: 0.
 - uncommit_free_chunks: 1.
 - use_allocation_guard: 0.
 - handle_deallocations: 1.


Internal statistics:

num_allocs_failed_limit: 6.
num_arena_births: 418.
num_arena_deaths: 0.
num_vsnodes_births: 7.
num_vsnodes_deaths: 0.
num_space_committed: 762.
num_space_uncommitted: 0.
num_chunks_returned_to_freelist: 6.
num_chunks_taken_from_freelist: 1894.
num_chunk_merges: 3.
num_chunk_splits: 1289.
num_chunks_enlarged: 993.
num_purges: 0.
num_inconsistent_stats: 0.

CodeHeap 'non-profiled nmethods': size=120000Kb used=5224Kb max_used=5224Kb free=114775Kb
 bounds [0x0000020022b00000, 0x0000020023020000, 0x000002002a030000]
CodeHeap 'profiled nmethods': size=120000Kb used=14873Kb max_used=14873Kb free=105126Kb
 bounds [0x000002001b5d0000, 0x000002001c460000, 0x0000020022b00000]
CodeHeap 'non-nmethods': size=5760Kb used=1251Kb max_used=1326Kb free=4508Kb
 bounds [0x000002001b030000, 0x000002001b2a0000, 0x000002001b5d0000]
 total_blobs=7911 nmethods=7348 adapters=475
 compilation: enabled
              stopped_count=0, restarted_count=0
 full_count=0

Compilation events (20 events):
Event: 15510.359 Thread 0x000002002ea6d6e0 nmethod 10934 0x0000020023015490 code [0x0000020023015600, 0x00000200230156d8]
Event: 15510.359 Thread 0x000002002ea6d6e0 10920       4       org.springframework.util.MimeType::equals (63 bytes)
Event: 15511.417 Thread 0x000002002ea6d6e0 nmethod 10920 0x0000020023015790 code [0x00000200230159a0, 0x0000020023016c58]
Event: 15511.418 Thread 0x000002002ea6d6e0 10917       4       java.lang.Long::valueOf (40 bytes)
Event: 15511.422 Thread 0x000002002ea6d6e0 nmethod 10917 0x0000020023017710 code [0x00000200230178a0, 0x00000200230179d8]
Event: 15511.422 Thread 0x000002002ea6d6e0 10918       4       com.mongodb.internal.connection.ProtocolHelper::getSnapshotTimestamp (38 bytes)
Event: 15514.070 Thread 0x000002002ea718f0 10948       3       org.apache.tomcat.util.http.ConcurrentDateFormat::format (41 bytes)
Event: 15514.187 Thread 0x000002002ea718f0 nmethod 10948 0x000002001c451310 code [0x000002001c451520, 0x000002001c451b98]
Event: 15514.196 Thread 0x000002002ea6d6e0 nmethod 10918 0x0000020023017b10 code [0x0000020023017ce0, 0x0000020023017fd0]
Event: 15514.196 Thread 0x000002002ea6d6e0 10942       4       com.fasterxml.jackson.databind.type.TypeFactory::_applyModifiers (120 bytes)
Event: 15515.663 Thread 0x000002002ea6d6e0 nmethod 10942 0x0000020023018390 code [0x0000020023018540, 0x0000020023018878]
Event: 15515.664 Thread 0x000002002ea6d6e0 10943       4       com.mongodb.internal.connection.UsageTrackingInternalConnection::getDescription (10 bytes)
Event: 15515.665 Thread 0x000002002ea6d6e0 nmethod 10943 0x0000020023018c10 code [0x0000020023018d80, 0x0000020023018e38]
Event: 15515.665 Thread 0x000002002ea6d6e0 10946       4       org.springframework.util.ObjectUtils::isEmpty (113 bytes)
Event: 15515.829 Thread 0x000002002ea6d6e0 nmethod 10946 0x0000020023018f10 code [0x00000200230190a0, 0x0000020023019278]
Event: 15526.104 Thread 0x000002002ea6d6e0 10951       4       java.util.concurrent.locks.AbstractQueuedSynchronizer$ConditionObject::enableWait (84 bytes)
Event: 15526.270 Thread 0x000002002ea6d6e0 nmethod 10951 0x0000020023019410 code [0x00000200230195c0, 0x0000020023019bc8]
Event: 15527.448 Thread 0x000002002ea6d6e0 10952       4       com.mongodb.internal.connection.BaseCluster::atMostNRandom (96 bytes)
Event: 15527.451 Thread 0x000002002ea718f0 10953       3       sun.util.calendar.ZoneInfo::getOffsets (342 bytes)
Event: 15527.595 Thread 0x000002002ea718f0 nmethod 10953 0x000002001c451e10 code [0x000002001c452080, 0x000002001c452d28]

GC Heap History (20 events):
Event: 15346.430 GC heap before
{Heap before GC invocations=33 (full 0):
 garbage-first heap   total 57344K, used 31635K [0x00000000c1400000, 0x0000000100000000)
  region size 1024K, 14 young (14336K), 1 survivors (1024K)
 Metaspace       used 47584K, committed 48000K, reserved 1097728K
  class space    used 5796K, committed 6016K, reserved 1048576K
}
Event: 15346.630 GC heap after
{Heap after GC invocations=34 (full 0):
 garbage-first heap   total 57344K, used 18328K [0x00000000c1400000, 0x0000000100000000)
  region size 1024K, 1 young (1024K), 1 survivors (1024K)
 Metaspace       used 47584K, committed 48000K, reserved 1097728K
  class space    used 5796K, committed 6016K, reserved 1048576K
}
Event: 15367.348 GC heap before
{Heap before GC invocations=34 (full 0):
 garbage-first heap   total 57344K, used 48024K [0x00000000c1400000, 0x0000000100000000)
  region size 1024K, 30 young (30720K), 1 survivors (1024K)
 Metaspace       used 47664K, committed 48064K, reserved 1097728K
  class space    used 5796K, committed 6016K, reserved 1048576K
}
Event: 15367.706 GC heap after
{Heap after GC invocations=35 (full 0):
 garbage-first heap   total 57344K, used 18317K [0x00000000c1400000, 0x0000000100000000)
  region size 1024K, 1 young (1024K), 1 survivors (1024K)
 Metaspace       used 47664K, committed 48064K, reserved 1097728K
  class space    used 5796K, committed 6016K, reserved 1048576K
}
Event: 15372.519 GC heap before
{Heap before GC invocations=35 (full 0):
 garbage-first heap   total 57344K, used 49037K [0x00000000c1400000, 0x0000000100000000)
  region size 1024K, 31 young (31744K), 1 survivors (1024K)
 Metaspace       used 47702K, committed 48128K, reserved 1097728K
  class space    used 5796K, committed 6016K, reserved 1048576K
}
Event: 15373.128 GC heap after
{Heap after GC invocations=36 (full 0):
 garbage-first heap   total 114688K, used 18355K [0x00000000c1400000, 0x0000000100000000)
  region size 1024K, 1 young (1024K), 1 survivors (1024K)
 Metaspace       used 47702K, committed 48128K, reserved 1097728K
  class space    used 5796K, committed 6016K, reserved 1048576K
}
Event: 15373.352 GC heap before
{Heap before GC invocations=36 (full 0):
 garbage-first heap   total 114688K, used 22451K [0x00000000c1400000, 0x0000000100000000)
  region size 1024K, 5 young (5120K), 1 survivors (1024K)
 Metaspace       used 47706K, committed 48128K, reserved 1097728K
  class space    used 5796K, committed 6016K, reserved 1048576K
}
Event: 15373.485 GC heap after
{Heap after GC invocations=37 (full 0):
 garbage-first heap   total 114688K, used 18350K [0x00000000c1400000, 0x0000000100000000)
  region size 1024K, 1 young (1024K), 1 survivors (1024K)
 Metaspace       used 47706K, committed 48128K, reserved 1097728K
  class space    used 5796K, committed 6016K, reserved 1048576K
}
Event: 15373.870 GC heap before
{Heap before GC invocations=37 (full 0):
 garbage-first heap   total 114688K, used 22446K [0x00000000c1400000, 0x0000000100000000)
  region size 1024K, 5 young (5120K), 1 survivors (1024K)
 Metaspace       used 47706K, committed 48128K, reserved 1097728K
  class space    used 5796K, committed 6016K, reserved 1048576K
}
Event: 15373.994 GC heap after
{Heap after GC invocations=38 (full 0):
 garbage-first heap   total 114688K, used 18345K [0x00000000c1400000, 0x0000000100000000)
  region size 1024K, 1 young (1024K), 1 survivors (1024K)
 Metaspace       used 47706K, committed 48128K, reserved 1097728K
  class space    used 5796K, committed 6016K, reserved 1048576K
}
Event: 15389.124 GC heap before
{Heap before GC invocations=38 (full 0):
 garbage-first heap   total 114688K, used 85929K [0x00000000c1400000, 0x0000000100000000)
  region size 1024K, 67 young (68608K), 1 survivors (1024K)
 Metaspace       used 47911K, committed 48320K, reserved 1097728K
  class space    used 5797K, committed 6016K, reserved 1048576K
}
Event: 15389.299 GC heap after
{Heap after GC invocations=39 (full 0):
 garbage-first heap   total 114688K, used 18405K [0x00000000c1400000, 0x0000000100000000)
  region size 1024K, 1 young (1024K), 1 survivors (1024K)
 Metaspace       used 47911K, committed 48320K, reserved 1097728K
  class space    used 5797K, committed 6016K, reserved 1048576K
}
Event: 15394.796 GC heap before
{Heap before GC invocations=39 (full 0):
 garbage-first heap   total 114688K, used 85989K [0x00000000c1400000, 0x0000000100000000)
  region size 1024K, 67 young (68608K), 1 survivors (1024K)
 Metaspace       used 47998K, committed 48448K, reserved 1097728K
  class space    used 5797K, committed 6016K, reserved 1048576K
}
Event: 15394.990 GC heap after
{Heap after GC invocations=40 (full 0):
 garbage-first heap   total 114688K, used 18387K [0x00000000c1400000, 0x0000000100000000)
  region size 1024K, 1 young (1024K), 1 survivors (1024K)
 Metaspace       used 47998K, committed 48448K, reserved 1097728K
  class space    used 5797K, committed 6016K, reserved 1048576K
}
Event: 15411.432 GC heap before
{Heap before GC invocations=40 (full 0):
 garbage-first heap   total 114688K, used 85971K [0x00000000c1400000, 0x0000000100000000)
  region size 1024K, 67 young (68608K), 1 survivors (1024K)
 Metaspace       used 48155K, committed 48576K, reserved 1097728K
  class space    used 5797K, committed 6016K, reserved 1048576K
}
Event: 15412.505 GC heap after
{Heap after GC invocations=41 (full 0):
 garbage-first heap   total 262144K, used 18415K [0x00000000c1400000, 0x0000000100000000)
  region size 1024K, 1 young (1024K), 1 survivors (1024K)
 Metaspace       used 48155K, committed 48576K, reserved 1097728K
  class space    used 5797K, committed 6016K, reserved 1048576K
}
Event: 15491.740 GC heap before
{Heap before GC invocations=41 (full 0):
 garbage-first heap   total 262144K, used 174063K [0x00000000c1400000, 0x0000000100000000)
  region size 1024K, 153 young (156672K), 1 survivors (1024K)
 Metaspace       used 48300K, committed 48704K, reserved 1097728K
  class space    used 5797K, committed 6016K, reserved 1048576K
}
Event: 15498.635 GC heap after
{Heap after GC invocations=42 (full 0):
 garbage-first heap   total 262144K, used 18454K [0x00000000c1400000, 0x0000000100000000)
  region size 1024K, 1 young (1024K), 1 survivors (1024K)
 Metaspace       used 48300K, committed 48704K, reserved 1097728K
  class space    used 5797K, committed 6016K, reserved 1048576K
}
Event: 15506.464 GC heap before
{Heap before GC invocations=42 (full 0):
 garbage-first heap   total 262144K, used 29718K [0x00000000c1400000, 0x0000000100000000)
  region size 1024K, 12 young (12288K), 1 survivors (1024K)
 Metaspace       used 48302K, committed 48768K, reserved 1097728K
  class space    used 5797K, committed 6016K, reserved 1048576K
}
Event: 15507.033 GC heap after
{Heap after GC invocations=43 (full 0):
 garbage-first heap   total 262144K, used 18472K [0x00000000c1400000, 0x0000000100000000)
  region size 1024K, 1 young (1024K), 1 survivors (1024K)
 Metaspace       used 48302K, committed 48768K, reserved 1097728K
  class space    used 5797K, committed 6016K, reserved 1048576K
}

Deoptimization events (20 events):
Event: 15471.056 Thread 0x00000200311bc710 Uncommon trap: trap_request=0xffffff45 fr.pc=0x0000020022fd0ce4 relative=0x0000000000000a84
Event: 15471.119 Thread 0x00000200311bc710 Uncommon trap: reason=unstable_if action=reinterpret pc=0x0000020022fd0ce4 method=sun.nio.ch.WEPollSelectorImpl.wakeup()Ljava/nio/channels/Selector; @ 11 c2
Event: 15471.119 Thread 0x00000200311bc710 DEOPT PACKING pc=0x0000020022fd0ce4 sp=0x0000008559ffed20
Event: 15471.127 Thread 0x00000200311bc710 DEOPT UNPACKING pc=0x000002001b0823a3 sp=0x0000008559ffeba0 mode 2
Event: 15471.127 Thread 0x00000200311b9bc0 Uncommon trap: trap_request=0xffffff45 fr.pc=0x0000020022fd0ce4 relative=0x0000000000000a84
Event: 15471.389 Thread 0x00000200311b9bc0 Uncommon trap: reason=unstable_if action=reinterpret pc=0x0000020022fd0ce4 method=sun.nio.ch.WEPollSelectorImpl.wakeup()Ljava/nio/channels/Selector; @ 11 c2
Event: 15471.389 Thread 0x00000200311b9bc0 DEOPT PACKING pc=0x0000020022fd0ce4 sp=0x00000085598fee70
Event: 15471.549 Thread 0x00000200311b9bc0 DEOPT UNPACKING pc=0x000002001b0823a3 sp=0x00000085598fecf0 mode 2
Event: 15472.053 Thread 0x00000200311ba560 Uncommon trap: trap_request=0xffffff45 fr.pc=0x0000020022fd0ce4 relative=0x0000000000000a84
Event: 15472.322 Thread 0x00000200311ba560 Uncommon trap: reason=unstable_if action=reinterpret pc=0x0000020022fd0ce4 method=sun.nio.ch.WEPollSelectorImpl.wakeup()Ljava/nio/channels/Selector; @ 11 c2
Event: 15472.322 Thread 0x00000200311ba560 DEOPT PACKING pc=0x0000020022fd0ce4 sp=0x000000855a5feab0
Event: 15472.830 Thread 0x00000200311ba560 DEOPT UNPACKING pc=0x000002001b0823a3 sp=0x000000855a5fe930 mode 2
Event: 15498.724 Thread 0x000002003352db90 Uncommon trap: trap_request=0xffffff45 fr.pc=0x0000020022e1a0f0 relative=0x0000000000000ad0
Event: 15498.749 Thread 0x000002003352db90 Uncommon trap: reason=unstable_if action=reinterpret pc=0x0000020022e1a0f0 method=java.util.concurrent.ConcurrentHashMap.addCount(JI)V @ 110 c2
Event: 15498.749 Thread 0x000002003352db90 DEOPT PACKING pc=0x0000020022e1a0f0 sp=0x000000855a8fef60
Event: 15498.771 Thread 0x000002003352db90 DEOPT UNPACKING pc=0x000002001b0823a3 sp=0x000000855a8fee38 mode 2
Event: 15498.771 Thread 0x000002003352db90 Uncommon trap: trap_request=0xffffff45 fr.pc=0x0000020022c3f6e0 relative=0x0000000000000060
Event: 15498.771 Thread 0x000002003352db90 Uncommon trap: reason=unstable_if action=reinterpret pc=0x0000020022c3f6e0 method=java.util.concurrent.ConcurrentHashMap.sumCount()J @ 11 c2
Event: 15498.771 Thread 0x000002003352db90 DEOPT PACKING pc=0x0000020022c3f6e0 sp=0x000000855a8fee30
Event: 15498.771 Thread 0x000002003352db90 DEOPT UNPACKING pc=0x000002001b0823a3 sp=0x000000855a8fed98 mode 2

Classes unloaded (0 events):
No events

Classes redefined (0 events):
No events

Internal exceptions (20 events):
Event: 19.121 Thread 0x00000200183afc00 Exception <a 'java/lang/NoSuchMethodError'{0x00000000c41fdf20}: 'java.lang.Object java.lang.invoke.DirectMethodHandle$Holder.newInvokeSpecial(java.lang.Object, java.lang.Object, int, java.lang.Object, java.lang.Object)'> (0x00000000c41fdf20) 
thrown [e:\jenkins\tmp\workspace\build\src\src\hotspot\share\interpreter\linkResolver.cpp, line 766]
Event: 19.123 Thread 0x00000200183afc00 Exception <a 'java/lang/NoSuchMethodError'{0x00000000c4009c80}: 'java.lang.Object java.lang.invoke.DirectMethodHandle$Holder.invokeSpecial(java.lang.Object, java.lang.Object, int, java.lang.Object, int, java.lang.Object)'> (0x00000000c4009c80) 
thrown [e:\jenkins\tmp\workspace\build\src\src\hotspot\share\interpreter\linkResolver.cpp, line 766]
Event: 19.125 Thread 0x00000200183afc00 Exception <a 'java/lang/NoSuchMethodError'{0x00000000c4011a80}: 'java.lang.Object java.lang.invoke.DirectMethodHandle$Holder.newInvokeSpecial(java.lang.Object, java.lang.Object, int, java.lang.Object, int)'> (0x00000000c4011a80) 
thrown [e:\jenkins\tmp\workspace\build\src\src\hotspot\share\interpreter\linkResolver.cpp, line 766]
Event: 19.125 Thread 0x00000200183afc00 Exception <a 'java/lang/NoSuchMethodError'{0x00000000c4015b80}: 'java.lang.Object java.lang.invoke.DirectMethodHandle$Holder.invokeSpecial(java.lang.Object, java.lang.Object, java.lang.Object, int, java.lang.Object, int)'> (0x00000000c4015b80) 
thrown [e:\jenkins\tmp\workspace\build\src\src\hotspot\share\interpreter\linkResolver.cpp, line 766]
Event: 57.812 Thread 0x00000200311bc240 Exception <a 'java/lang/NoSuchMethodError'{0x00000000c3766b98}: 'java.lang.Object java.lang.invoke.DirectMethodHandle$Holder.invokeStatic(java.lang.Object, int, java.lang.Object, java.lang.Object)'> (0x00000000c3766b98) 
thrown [e:\jenkins\tmp\workspace\build\src\src\hotspot\share\interpreter\linkResolver.cpp, line 766]
Event: 57.812 Thread 0x00000200311b9bc0 Exception <a 'java/lang/NoSuchMethodError'{0x00000000c37c8c08}: 'java.lang.Object java.lang.invoke.DirectMethodHandle$Holder.invokeStatic(java.lang.Object, int, java.lang.Object, java.lang.Object)'> (0x00000000c37c8c08) 
thrown [e:\jenkins\tmp\workspace\build\src\src\hotspot\share\interpreter\linkResolver.cpp, line 766]
Event: 57.858 Thread 0x00000200311bc240 Exception <a 'java/lang/reflect/InvocationTargetException'{0x00000000c36339d0}> (0x00000000c36339d0) 
thrown [e:\jenkins\tmp\workspace\build\src\src\hotspot\share\runtime\reflection.cpp, line 1121]
Event: 57.858 Thread 0x00000200311b9bc0 Exception <a 'java/lang/reflect/InvocationTargetException'{0x00000000c360e8d8}> (0x00000000c360e8d8) 
thrown [e:\jenkins\tmp\workspace\build\src\src\hotspot\share\runtime\reflection.cpp, line 1121]
Event: 58.228 Thread 0x00000200311b9bc0 Exception <a 'java/lang/NoSuchMethodError'{0x00000000c36eecf8}: 'java.lang.Object java.lang.invoke.DirectMethodHandle$Holder.invokeVirtual(java.lang.Object, java.lang.Object, java.lang.Object, java.lang.Object, java.lang.Object)'> (0x00000000c36eecf8) 
thrown [e:\jenkins\tmp\workspace\build\src\src\hotspot\share\interpreter\linkResolver.cpp, line 766]
Event: 58.228 Thread 0x00000200311bc240 Exception <a 'java/lang/NoSuchMethodError'{0x00000000c3505608}: 'java.lang.Object java.lang.invoke.DirectMethodHandle$Holder.invokeVirtual(java.lang.Object, java.lang.Object, java.lang.Object, java.lang.Object, java.lang.Object)'> (0x00000000c3505608) 
thrown [e:\jenkins\tmp\workspace\build\src\src\hotspot\share\interpreter\linkResolver.cpp, line 766]
Event: 58.332 Thread 0x00000200311b9bc0 Exception <a 'java/lang/IncompatibleClassChangeError'{0x00000000c35a7bd0}: Found class java.lang.Object, but interface was expected> (0x00000000c35a7bd0) 
thrown [e:\jenkins\tmp\workspace\build\src\src\hotspot\share\interpreter\linkResolver.cpp, line 833]
Event: 58.333 Thread 0x00000200311bc240 Exception <a 'java/lang/NoSuchMethodError'{0x00000000c34046c0}: 'int java.lang.invoke.DirectMethodHandle$Holder.invokeSpecialIFC(java.lang.Object, java.lang.Object, java.lang.Object)'> (0x00000000c34046c0) 
thrown [e:\jenkins\tmp\workspace\build\src\src\hotspot\share\interpreter\linkResolver.cpp, line 766]
Event: 58.333 Thread 0x00000200311b9bc0 Exception <a 'java/lang/NoSuchMethodError'{0x00000000c35abe58}: 'int java.lang.invoke.DirectMethodHandle$Holder.invokeSpecialIFC(java.lang.Object, java.lang.Object, java.lang.Object)'> (0x00000000c35abe58) 
thrown [e:\jenkins\tmp\workspace\build\src\src\hotspot\share\interpreter\linkResolver.cpp, line 766]
Event: 58.402 Thread 0x00000200311b9bc0 Implicit null exception at 0x0000020022c11660 to 0x0000020022c118ac
Event: 160.271 Thread 0x00000200311b96f0 Implicit null exception at 0x0000020022bd4846 to 0x0000020022bd48fe
Event: 4140.248 Thread 0x00000200311bcbe0 Implicit null exception at 0x0000020022c1cd36 to 0x0000020022c1d4a4
Event: 15340.532 Thread 0x00000200311bc240 Exception <a 'java/lang/reflect/InvocationTargetException'{0x00000000c4fc14f0}> (0x00000000c4fc14f0) 
thrown [e:\jenkins\tmp\workspace\build\src\src\hotspot\share\runtime\reflection.cpp, line 1121]
Event: 15344.688 Thread 0x00000200311b9bc0 Exception <a 'java/lang/reflect/InvocationTargetException'{0x00000000c50a6238}> (0x00000000c50a6238) 
thrown [e:\jenkins\tmp\workspace\build\src\src\hotspot\share\runtime\reflection.cpp, line 1121]
Event: 15369.803 Thread 0x00000200311b96f0 Exception <a 'java/lang/reflect/InvocationTargetException'{0x00000000c45e5e88}> (0x00000000c45e5e88) 
thrown [e:\jenkins\tmp\workspace\build\src\src\hotspot\share\runtime\reflection.cpp, line 1121]
Event: 15371.919 Thread 0x00000200311baa30 Exception <a 'java/lang/reflect/InvocationTargetException'{0x00000000c3886120}> (0x00000000c3886120) 
thrown [e:\jenkins\tmp\workspace\build\src\src\hotspot\share\runtime\reflection.cpp, line 1121]

VM Operations (20 events):
Event: 15489.877 Executing VM operation: G1CollectForAllocation
Event: 15498.723 Executing VM operation: G1CollectForAllocation done
Event: 15505.726 Executing VM operation: Cleanup
Event: 15506.020 Executing VM operation: Cleanup done
Event: 15506.157 Executing VM operation: G1CollectForAllocation
Event: 15507.033 Executing VM operation: G1CollectForAllocation done
Event: 15508.034 Executing VM operation: Cleanup
Event: 15508.249 Executing VM operation: Cleanup done
Event: 15509.250 Executing VM operation: Cleanup
Event: 15509.557 Executing VM operation: Cleanup done
Event: 15511.558 Executing VM operation: Cleanup
Event: 15513.062 Executing VM operation: Cleanup done
Event: 15515.061 Executing VM operation: Cleanup
Event: 15515.438 Executing VM operation: Cleanup done
Event: 15520.440 Executing VM operation: Cleanup
Event: 15520.902 Executing VM operation: Cleanup done
Event: 15521.902 Executing VM operation: Cleanup
Event: 15522.651 Executing VM operation: Cleanup done
Event: 15524.651 Executing VM operation: Cleanup
Event: 15524.804 Executing VM operation: Cleanup done

Events (20 events):
Event: 15383.920 Thread 0x000002003316ee80 Thread exited: 0x000002003316ee80
Event: 15384.337 loading class jdk/internal/misc/ScopedMemoryAccess$Scope$Handle
Event: 15384.613 loading class jdk/internal/misc/ScopedMemoryAccess$Scope$Handle done
Event: 15384.699 Thread 0x000002003316ee80 Thread added: 0x000002003316ee80
Event: 15385.840 Thread 0x000002003316ee80 Thread exited: 0x000002003316ee80
Event: 15386.482 Thread 0x000002003316ee80 Thread added: 0x000002003316ee80
Event: 15388.104 Thread 0x000002003316ee80 Thread exited: 0x000002003316ee80
Event: 15388.685 Thread 0x000002003316ee80 Thread added: 0x000002003316ee80
Event: 15396.973 Thread 0x000002003316ee80 Thread exited: 0x000002003316ee80
Event: 15397.633 Thread 0x000002003316ee80 Thread added: 0x000002003316ee80
Event: 15407.472 Thread 0x000002003316ee80 Thread exited: 0x000002003316ee80
Event: 15430.381 loading class sun/util/locale/LocaleExtensions
Event: 15445.286 loading class sun/util/locale/LocaleExtensions done
Event: 15452.574 Thread 0x0000020033ca4e90 Thread added: 0x0000020033ca4e90
Event: 15458.529 Thread 0x0000020033ca4e90 Thread exited: 0x0000020033ca4e90
Event: 15459.558 Thread 0x0000020033ca4e90 Thread added: 0x0000020033ca4e90
Event: 15460.434 Thread 0x0000020033ca4e90 Thread exited: 0x0000020033ca4e90
Event: 15461.215 Thread 0x0000020033ca4e90 Thread added: 0x0000020033ca4e90
Event: 15468.322 Thread 0x0000020033ca4e90 Thread exited: 0x0000020033ca4e90
Event: 15521.535 Thread 0x000002002ea75a10 flushing nmethod 0x000002001b799590


Dynamic libraries:
0x00007ff67c080000 - 0x00007ff67c08e000 	C:\Users\hp\.vscode\extensions\redhat.java-1.9.0-win32-x64\jre\17.0.3-win32-x86_64\bin\java.exe
0x00007fff92c00000 - 0x00007fff92df0000 	C:\Windows\SYSTEM32\ntdll.dll
0x00007fff91390000 - 0x00007fff91442000 	C:\Windows\System32\KERNEL32.DLL
0x00007fff90750000 - 0x00007fff909f3000 	C:\Windows\System32\KERNELBASE.dll
0x00007fff90b30000 - 0x00007fff90c2a000 	C:\Windows\System32\ucrtbase.dll
0x00007fff89f10000 - 0x00007fff89f29000 	C:\Users\hp\.vscode\extensions\redhat.java-1.9.0-win32-x64\jre\17.0.3-win32-x86_64\bin\VCRUNTIME140.dll
0x00007fff89f30000 - 0x00007fff89f48000 	C:\Users\hp\.vscode\extensions\redhat.java-1.9.0-win32-x64\jre\17.0.3-win32-x86_64\bin\jli.dll
0x00007fff90da0000 - 0x00007fff90f33000 	C:\Windows\System32\USER32.dll
0x00007fff889f0000 - 0x00007fff88c75000 	C:\Windows\WinSxS\amd64_microsoft.windows.common-controls_6595b64144ccf1df_6.0.18362.267_none_e6c5adbd130e444d\COMCTL32.dll
0x00007fff90b00000 - 0x00007fff90b21000 	C:\Windows\System32\win32u.dll
0x00007fff90f50000 - 0x00007fff90fee000 	C:\Windows\System32\msvcrt.dll
0x00007fff92b90000 - 0x00007fff92bb6000 	C:\Windows\System32\GDI32.dll
0x00007fff90ff0000 - 0x00007fff91326000 	C:\Windows\System32\combase.dll
0x00007fff8fce0000 - 0x00007fff8fe74000 	C:\Windows\System32\gdi32full.dll
0x00007fff917c0000 - 0x00007fff918e0000 	C:\Windows\System32\RPCRT4.dll
0x00007fff8fe80000 - 0x00007fff8ff1e000 	C:\Windows\System32\msvcp_win.dll
0x00007fff90a00000 - 0x00007fff90a80000 	C:\Windows\System32\bcryptPrimitives.dll
0x00007fff92a80000 - 0x00007fff92aae000 	C:\Windows\System32\IMM32.DLL
0x00007fff8bfa0000 - 0x00007fff8bfac000 	C:\Users\hp\.vscode\extensions\redhat.java-1.9.0-win32-x64\jre\17.0.3-win32-x86_64\bin\vcruntime140_1.dll
0x00007fff6bdb0000 - 0x00007fff6be41000 	C:\Users\hp\.vscode\extensions\redhat.java-1.9.0-win32-x64\jre\17.0.3-win32-x86_64\bin\msvcp140.dll
0x00007fff413c0000 - 0x00007fff42008000 	C:\Users\hp\.vscode\extensions\redhat.java-1.9.0-win32-x64\jre\17.0.3-win32-x86_64\bin\server\jvm.dll
0x00007fff92920000 - 0x00007fff929c3000 	C:\Windows\System32\ADVAPI32.dll
0x00007fff91f50000 - 0x00007fff91fe7000 	C:\Windows\System32\sechost.dll
0x00007fff90f40000 - 0x00007fff90f48000 	C:\Windows\System32\PSAPI.DLL
0x00007fff89f00000 - 0x00007fff89f09000 	C:\Windows\SYSTEM32\WSOCK32.dll
0x00007fff8bf70000 - 0x00007fff8bf94000 	C:\Windows\SYSTEM32\WINMM.dll
0x00007fff92ab0000 - 0x00007fff92b1f000 	C:\Windows\System32\WS2_32.dll
0x00007fff89130000 - 0x00007fff8913a000 	C:\Windows\SYSTEM32\VERSION.dll
0x00007fff8bf40000 - 0x00007fff8bf6d000 	C:\Windows\SYSTEM32\winmmbase.dll
0x00007fff90c60000 - 0x00007fff90caa000 	C:\Windows\System32\cfgmgr32.dll
0x00007fff8fae0000 - 0x00007fff8faf1000 	C:\Windows\System32\kernel.appcore.dll
0x00007fff89ef0000 - 0x00007fff89efa000 	C:\Users\hp\.vscode\extensions\redhat.java-1.9.0-win32-x64\jre\17.0.3-win32-x86_64\bin\jimage.dll
0x00007fff8e400000 - 0x00007fff8e5f4000 	C:\Windows\SYSTEM32\DBGHELP.DLL
0x00007fff79990000 - 0x00007fff799ba000 	C:\Windows\SYSTEM32\dbgcore.DLL
0x00007fff72520000 - 0x00007fff72545000 	C:\Users\hp\.vscode\extensions\redhat.java-1.9.0-win32-x64\jre\17.0.3-win32-x86_64\bin\java.dll
0x00007fff72350000 - 0x00007fff72368000 	C:\Users\hp\.vscode\extensions\redhat.java-1.9.0-win32-x64\jre\17.0.3-win32-x86_64\bin\zip.dll
0x00007fff92150000 - 0x00007fff92832000 	C:\Windows\System32\SHELL32.dll
0x00007fff929d0000 - 0x00007fff92a79000 	C:\Windows\System32\shcore.dll
0x00007fff8ffd0000 - 0x00007fff9074c000 	C:\Windows\System32\windows.storage.dll
0x00007fff8fb70000 - 0x00007fff8fb8f000 	C:\Windows\System32\profapi.dll
0x00007fff8fb00000 - 0x00007fff8fb4a000 	C:\Windows\System32\powrprof.dll
0x00007fff8fad0000 - 0x00007fff8fae0000 	C:\Windows\System32\UMPDC.dll
0x00007fff91330000 - 0x00007fff91382000 	C:\Windows\System32\shlwapi.dll
0x00007fff90a80000 - 0x00007fff90a97000 	C:\Windows\System32\cryptsp.dll
0x00007fff70230000 - 0x00007fff70249000 	C:\Users\hp\.vscode\extensions\redhat.java-1.9.0-win32-x64\jre\17.0.3-win32-x86_64\bin\net.dll
0x00007fff82560000 - 0x00007fff82650000 	C:\Windows\SYSTEM32\WINHTTP.dll
0x00007fff8f340000 - 0x00007fff8f3a7000 	C:\Windows\system32\mswsock.dll
0x00007fff6f310000 - 0x00007fff6f325000 	C:\Users\hp\.vscode\extensions\redhat.java-1.9.0-win32-x64\jre\17.0.3-win32-x86_64\bin\nio.dll
0x00007fff7bce0000 - 0x00007fff7bcf0000 	C:\Users\hp\.vscode\extensions\redhat.java-1.9.0-win32-x64\jre\17.0.3-win32-x86_64\bin\verify.dll
0x00007fff735e0000 - 0x00007fff735e9000 	C:\Users\hp\.vscode\extensions\redhat.java-1.9.0-win32-x64\jre\17.0.3-win32-x86_64\bin\management.dll
0x00007fff73420000 - 0x00007fff7342b000 	C:\Users\hp\.vscode\extensions\redhat.java-1.9.0-win32-x64\jre\17.0.3-win32-x86_64\bin\management_ext.dll
0x00007fff75130000 - 0x00007fff75146000 	C:\Windows\system32\napinsp.dll
0x00007fff74090000 - 0x00007fff740aa000 	C:\Windows\system32\pnrpnsp.dll
0x00007fff8f090000 - 0x00007fff8f15a000 	C:\Windows\SYSTEM32\DNSAPI.dll
0x00007fff90cc0000 - 0x00007fff90cc8000 	C:\Windows\System32\NSI.dll
0x00007fff8f050000 - 0x00007fff8f08a000 	C:\Windows\SYSTEM32\IPHLPAPI.DLL
0x00007fff8c150000 - 0x00007fff8c15e000 	C:\Windows\System32\winrnr.dll
0x00007fff8c080000 - 0x00007fff8c09c000 	C:\Windows\system32\NLAapi.dll
0x00007fff6be50000 - 0x00007fff6be65000 	C:\Windows\system32\wshbth.dll
0x00007fff7f350000 - 0x00007fff7f35a000 	C:\Windows\System32\rasadhlp.dll
0x00007fff7e570000 - 0x00007fff7e5e7000 	C:\Windows\System32\fwpuclnt.dll
0x00007fff90c30000 - 0x00007fff90c56000 	C:\Windows\System32\bcrypt.dll
0x00007fff8eeb0000 - 0x00007fff8eee3000 	C:\Windows\system32\rsaenh.dll
0x00007fff8f9f0000 - 0x00007fff8fa15000 	C:\Windows\SYSTEM32\USERENV.dll
0x00007fff8f510000 - 0x00007fff8f51c000 	C:\Windows\SYSTEM32\CRYPTBASE.dll
0x00007fff7e820000 - 0x00007fff7e836000 	C:\Windows\SYSTEM32\dhcpcsvc6.DLL
0x00007fff817f0000 - 0x00007fff8180c000 	C:\Windows\SYSTEM32\dhcpcsvc.DLL
0x00007fff74e70000 - 0x00007fff74e7e000 	C:\Users\hp\.vscode\extensions\redhat.java-1.9.0-win32-x64\jre\17.0.3-win32-x86_64\bin\sunmscapi.dll
0x00007fff8fb90000 - 0x00007fff8fcd9000 	C:\Windows\System32\CRYPT32.dll
0x00007fff8fb50000 - 0x00007fff8fb62000 	C:\Windows\System32\MSASN1.dll
0x00007fff8f610000 - 0x00007fff8f636000 	C:\Windows\SYSTEM32\ncrypt.dll
0x00007fff8f5d0000 - 0x00007fff8f60b000 	C:\Windows\SYSTEM32\NTASN1.dll
0x00007fff74210000 - 0x00007fff74217000 	C:\Windows\system32\wshunix.dll

dbghelp: loaded successfully - version: 4.0.5 - missing functions: none
symbol engine: initialized successfully - sym options: 0x614 - pdb path: .;C:\Users\hp\.vscode\extensions\redhat.java-1.9.0-win32-x64\jre\17.0.3-win32-x86_64\bin;C:\Windows\SYSTEM32;C:\Windows\WinSxS\amd64_microsoft.windows.common-controls_6595b64144ccf1df_6.0.18362.267_none_e6c5adbd130e444d;C:\Users\hp\.vscode\extensions\redhat.java-1.9.0-win32-x64\jre\17.0.3-win32-x86_64\bin\server

VM Arguments:
jvm_args: -XX:+ShowCodeDetailsInExceptionMessages 
java_command: Library.Management.ManagementApplication
java_class_path (initial): C:\Users\hp\Desktop\calculator\springbootProject\Management\target\classes;C:\Users\hp\.m2\repository\org\springframework\boot\spring-boot-starter-data-mongodb\2.7.2\spring-boot-starter-data-mongodb-2.7.2.jar;C:\Users\hp\.m2\repository\org\springframework\boot\spring-boot-starter\2.7.2\spring-boot-starter-2.7.2.jar;C:\Users\hp\.m2\repository\org\springframework\boot\spring-boot\2.7.2\spring-boot-2.7.2.jar;C:\Users\hp\.m2\repository\org\springframework\boot\spring-boot-autoconfigure\2.7.2\spring-boot-autoconfigure-2.7.2.jar;C:\Users\hp\.m2\repository\org\springframework\boot\spring-boot-starter-logging\2.7.2\spring-boot-starter-logging-2.7.2.jar;C:\Users\hp\.m2\repository\ch\qos\logback\logback-classic\1.2.11\logback-classic-1.2.11.jar;C:\Users\hp\.m2\repository\ch\qos\logback\logback-core\1.2.11\logback-core-1.2.11.jar;C:\Users\hp\.m2\repository\org\apache\logging\log4j\log4j-to-slf4j\2.17.2\log4j-to-slf4j-2.17.2.jar;C:\Users\hp\.m2\repository\org\apache\logging\log4j\log4j-api\2.17.2\log4j-api-2.17.2.jar;C:\Users\hp\.m2\repository\org\slf4j\jul-to-slf4j\1.7.36\jul-to-slf4j-1.7.36.jar;C:\Users\hp\.m2\repository\jakarta\annotation\jakarta.annotation-api\1.3.5\jakarta.annotation-api-1.3.5.jar;C:\Users\hp\.m2\repository\org\yaml\snakeyaml\1.30\snakeyaml-1.30.jar;C:\Users\hp\.m2\repository\org\mongodb\mongodb-driver-sync\4.6.1\mongodb-driver-sync-4.6.1.jar;C:\Users\hp\.m2\repository\org\mongodb\bson\4.6.1\bson-4.6.1.jar;C:\Users\hp\.m2\repository\org\mongodb\mongodb-driver-core\4.6.1\mongodb-driver-core-4.6.1.jar;C:\Users\hp\.m2\repository\org\mongodb\bson-record-codec\4.6.1\bson-record-codec-4.6.1.jar;C:\Users\hp\.m2\repository\org\springframework\data\spring-data-mongodb\3.4.2\spring-data-mongodb-3.4.2.jar;C:\Users\hp\.m2\repository\org\springframework\spring-tx\5.3.22\spring-tx-5.3.22.jar;C:\Users\hp\.m2\repository\org\springframework\spring-context\5.3.22\spring-context-5.3.22.jar;C:\Users\hp\.m2\repository\org\springframework\spring-bea
Launcher Type: SUN_STANDARD

[Global flags]
     intx CICompilerCount                          = 3                                         {product} {ergonomic}
     uint ConcGCThreads                            = 1                                         {product} {ergonomic}
     uint G1ConcRefinementThreads                  = 4                                         {product} {ergonomic}
   size_t G1HeapRegionSize                         = 1048576                                   {product} {ergonomic}
    uintx GCDrainStackTargetSize                   = 64                                        {product} {ergonomic}
   size_t InitialHeapSize                          = 67108864                                  {product} {ergonomic}
   size_t MarkStackSize                            = 4194304                                   {product} {ergonomic}
   size_t MaxHeapSize                              = 1052770304                                {product} {ergonomic}
   size_t MaxNewSize                               = 631242752                                 {product} {ergonomic}
   size_t MinHeapDeltaBytes                        = 1048576                                   {product} {ergonomic}
   size_t MinHeapSize                              = 8388608                                   {product} {ergonomic}
    uintx NonNMethodCodeHeapSize                   = 5832780                                {pd product} {ergonomic}
    uintx NonProfiledCodeHeapSize                  = 122912730                              {pd product} {ergonomic}
    uintx ProfiledCodeHeapSize                     = 122912730                              {pd product} {ergonomic}
    uintx ReservedCodeCacheSize                    = 251658240                              {pd product} {ergonomic}
     bool SegmentedCodeCache                       = true                                      {product} {ergonomic}
     bool ShowCodeDetailsInExceptionMessages       = true                                   {manageable} {command line}
   size_t SoftMaxHeapSize                          = 1052770304                             {manageable} {ergonomic}
     bool UseCompressedClassPointers               = true                           {product lp64_product} {ergonomic}
     bool UseCompressedOops                        = true                           {product lp64_product} {ergonomic}
     bool UseG1GC                                  = true                                      {product} {ergonomic}
     bool UseLargePagesIndividualAllocation        = false                                  {pd product} {ergonomic}

Logging:
Log output configuration:
 #0: stdout all=warning uptime,level,tags
 #1: stderr all=off uptime,level,tags

Environment Variables:
JAVA_HOME=E:\jdk-11.0.15+10
PATH=C:\Windows\system32;C:\Windows;C:\Windows\System32\Wbem;C:\Windows\System32\WindowsPowerShell\v1.0\;C:\Windows\System32\OpenSSH\;C:\Program Files\nodejs\;E:\jdk-11.0.15+10\bin;C:\Program Files\Git\cmd;C:\Users\hp\AppData\Local\Microsoft\WindowsApps;C:\Users\hp\AppData\Roaming\npm;C:\Users\hp\AppData\Local\Programs\Microsoft VS Code\bin
USERNAME=hp
LANG=en_US.UTF-8
OS=Windows_NT
PROCESSOR_IDENTIFIER=Intel64 Family 6 Model 142 Stepping 9, GenuineIntel



---------------  S Y S T E M  ---------------

OS:
 Windows 10 , 64 bit Build 18362 (10.0.18362.86)
OS uptime: 6 days 23:29 hours

CPU: total 4 (initial active 4) (2 cores per cpu, 2 threads per core) family 6 model 142 stepping 9 microcode 0x9a, cx8, cmov, fxsr, ht, mmx, 3dnowpref, sse, sse2, sse3, ssse3, sse4.1, sse4.2, popcnt, lzcnt, tsc, tscinvbit, avx, avx2, aes, erms, clmul, bmi1, bmi2, adx, fma, vzeroupper, clflush, clflushopt

Memory: 4k page, system-wide physical 4011M (245M free)
TotalPageFile size 16241M (AvailPageFile size 545M)
current process WorkingSet (physical memory assigned to process): 151M, peak: 220M
current process commit charge ("private bytes"): 425M, peak: 434M

vm_info: OpenJDK 64-Bit Server VM (17.0.3+7) for windows-amd64 JRE (17.0.3+7), built on Apr 19 2022 16:55:35 by "" with MS VC++ 16.7 (VS2019)

END.
